#17 240.8 byte-compiling /opt/conda/lib/python3.6/site-packages/caffe2/python/layers/bpr_loss.py to bpr_loss.cpython-36.pyc
#17 240.8 byte-compiling /opt/conda/lib/python3.6/site-packages/caffe2/python/layers/batch_lr_loss.py to batch_lr_loss.cpython-36.pyc
#17 240.8 byte-compiling /opt/conda/lib/python3.6/site-packages/caffe2/python/layers/concat.py to concat.cpython-36.pyc
#17 240.8 byte-compiling /opt/conda/lib/python3.6/site-packages/caffe2/python/layers/batch_normalization.py to batch_normalization.cpython-36.pyc
#17 240.8 byte-compiling /opt/conda/lib/python3.6/site-packages/caffe2/python/layers/__init__.py to __init__.cpython-36.pyc
#17 240.8 byte-compiling /opt/conda/lib/python3.6/site-packages/caffe2/python/layers/layer_normalization.py to layer_normalization.cpython-36.pyc
#17 240.8 byte-compiling /opt/conda/lib/python3.6/site-packages/caffe2/python/layers/margin_rank_loss.py to margin_rank_loss.cpython-36.pyc
#17 240.8 byte-compiling /opt/conda/lib/python3.6/site-packages/caffe2/python/layers/sparse_dropout_with_replacement.py to sparse_dropout_with_replacement.cpython-36.pyc
#17 240.8 byte-compiling /opt/conda/lib/python3.6/site-packages/caffe2/python/layers/reservoir_sampling.py to reservoir_sampling.cpython-36.pyc
#17 240.8 byte-compiling /opt/conda/lib/python3.6/site-packages/caffe2/python/layers/conv.py to conv.cpython-36.pyc
#17 240.8 byte-compiling /opt/conda/lib/python3.6/site-packages/caffe2/python/layers/position_weighted.py to position_weighted.cpython-36.pyc
#17 240.8 byte-compiling /opt/conda/lib/python3.6/site-packages/caffe2/python/layers/sparse_feature_hash.py to sparse_feature_hash.cpython-36.pyc
#17 240.8 byte-compiling /opt/conda/lib/python3.6/site-packages/caffe2/python/layers/adaptive_weight.py to adaptive_weight.cpython-36.pyc
#17 240.8 byte-compiling /opt/conda/lib/python3.6/site-packages/caffe2/python/layers/batch_huber_loss.py to batch_huber_loss.cpython-36.pyc
#17 240.8 byte-compiling /opt/conda/lib/python3.6/site-packages/caffe2/python/layers/random_fourier_features.py to random_fourier_features.cpython-36.pyc
#17 240.8 byte-compiling /opt/conda/lib/python3.6/site-packages/caffe2/python/layers/uniform_sampling.py to uniform_sampling.cpython-36.pyc
#17 240.8 byte-compiling /opt/conda/lib/python3.6/site-packages/caffe2/python/layers/blob_weighted_sum.py to blob_weighted_sum.cpython-36.pyc
#17 240.8 byte-compiling /opt/conda/lib/python3.6/site-packages/caffe2/python/layers/bucket_weighted.py to bucket_weighted.cpython-36.pyc
#17 240.8 byte-compiling /opt/conda/lib/python3.6/site-packages/caffe2/python/layers/feature_sparse_to_dense.py to feature_sparse_to_dense.cpython-36.pyc
#17 240.8 byte-compiling /opt/conda/lib/python3.6/site-packages/caffe2/python/layers/add_bias.py to add_bias.cpython-36.pyc
#17 240.8 byte-compiling /opt/conda/lib/python3.6/site-packages/caffe2/python/layers/merge_id_lists.py to merge_id_lists.cpython-36.pyc
#17 240.8 byte-compiling /opt/conda/lib/python3.6/site-packages/caffe2/python/layers/gather_record.py to gather_record.cpython-36.pyc
#17 240.8 byte-compiling /opt/conda/lib/python3.6/site-packages/caffe2/python/gru_cell.py to gru_cell.cpython-36.pyc
#17 240.8 byte-compiling /opt/conda/lib/python3.6/site-packages/caffe2/python/caffe_translator_test.py to caffe_translator_test.cpython-36.pyc
#17 240.8 byte-compiling /opt/conda/lib/python3.6/site-packages/caffe2/python/observer_test.py to observer_test.cpython-36.pyc
#17 240.8 byte-compiling /opt/conda/lib/python3.6/site-packages/caffe2/python/operator_test/lengths_pad_op_test.py to lengths_pad_op_test.cpython-36.pyc
#17 240.8 byte-compiling /opt/conda/lib/python3.6/site-packages/caffe2/python/operator_test/margin_ranking_criterion_op_test.py to margin_ranking_criterion_op_test.cpython-36.pyc
#17 240.8 byte-compiling /opt/conda/lib/python3.6/site-packages/caffe2/python/operator_test/floor_op_test.py to floor_op_test.cpython-36.pyc
#17 240.8 byte-compiling /opt/conda/lib/python3.6/site-packages/caffe2/python/operator_test/distance_op_test.py to distance_op_test.cpython-36.pyc
#17 240.8 byte-compiling /opt/conda/lib/python3.6/site-packages/caffe2/python/operator_test/reshape_ops_test.py to reshape_ops_test.cpython-36.pyc
#17 240.8 byte-compiling /opt/conda/lib/python3.6/site-packages/caffe2/python/operator_test/mpi_test.py to mpi_test.cpython-36.pyc
#17 240.8 byte-compiling /opt/conda/lib/python3.6/site-packages/caffe2/python/operator_test/mean_op_test.py to mean_op_test.cpython-36.pyc
#17 240.8 byte-compiling /opt/conda/lib/python3.6/site-packages/caffe2/python/operator_test/hsm_test.py to hsm_test.cpython-36.pyc
#17 240.8 byte-compiling /opt/conda/lib/python3.6/site-packages/caffe2/python/operator_test/top_k_test.py to top_k_test.cpython-36.pyc
#17 240.8 byte-compiling /opt/conda/lib/python3.6/site-packages/caffe2/python/operator_test/erf_op_test.py to erf_op_test.cpython-36.pyc
#17 240.8 byte-compiling /opt/conda/lib/python3.6/site-packages/caffe2/python/operator_test/cast_op_test.py to cast_op_test.cpython-36.pyc
#17 240.8 byte-compiling /opt/conda/lib/python3.6/site-packages/caffe2/python/operator_test/sparse_to_dense_mask_op_test.py to sparse_to_dense_mask_op_test.cpython-36.pyc
#17 240.8 byte-compiling /opt/conda/lib/python3.6/site-packages/caffe2/python/operator_test/batch_sparse_to_dense_op_test.py to batch_sparse_to_dense_op_test.cpython-36.pyc
#17 240.8 byte-compiling /opt/conda/lib/python3.6/site-packages/caffe2/python/operator_test/glu_op_test.py to glu_op_test.cpython-36.pyc
#17 240.8 byte-compiling /opt/conda/lib/python3.6/site-packages/caffe2/python/operator_test/partition_ops_test.py to partition_ops_test.cpython-36.pyc
#17 240.8 byte-compiling /opt/conda/lib/python3.6/site-packages/caffe2/python/operator_test/rank_loss_operator_test.py to rank_loss_operator_test.cpython-36.pyc
#17 240.8 byte-compiling /opt/conda/lib/python3.6/site-packages/caffe2/python/operator_test/python_op_test.py to python_op_test.cpython-36.pyc
#17 240.8 byte-compiling /opt/conda/lib/python3.6/site-packages/caffe2/python/operator_test/hyperbolic_ops_test.py to hyperbolic_ops_test.cpython-36.pyc
#17 240.8 byte-compiling /opt/conda/lib/python3.6/site-packages/caffe2/python/operator_test/pack_ops_test.py to pack_ops_test.cpython-36.pyc
#17 240.8 byte-compiling /opt/conda/lib/python3.6/site-packages/caffe2/python/operator_test/mkl_speed_test.py to mkl_speed_test.cpython-36.pyc
#17 240.8 byte-compiling /opt/conda/lib/python3.6/site-packages/caffe2/python/operator_test/batch_moments_op_test.py to batch_moments_op_test.cpython-36.pyc
#17 240.8 byte-compiling /opt/conda/lib/python3.6/site-packages/caffe2/python/operator_test/given_tensor_byte_string_to_uint8_fill_op_test.py to given_tensor_byte_string_to_uint8_fill_op_test.cpython-36.pyc
#17 240.8 byte-compiling /opt/conda/lib/python3.6/site-packages/caffe2/python/operator_test/order_switch_test.py to order_switch_test.cpython-36.pyc
#17 240.8 byte-compiling /opt/conda/lib/python3.6/site-packages/caffe2/python/operator_test/rand_quantization_op_speed_test.py to rand_quantization_op_speed_test.cpython-36.pyc
#17 240.8 byte-compiling /opt/conda/lib/python3.6/site-packages/caffe2/python/operator_test/locally_connected_op_test.py to locally_connected_op_test.cpython-36.pyc
#17 240.8 byte-compiling /opt/conda/lib/python3.6/site-packages/caffe2/python/operator_test/conv_test.py to conv_test.cpython-36.pyc
#17 240.8 byte-compiling /opt/conda/lib/python3.6/site-packages/caffe2/python/operator_test/stats_put_ops_test.py to stats_put_ops_test.cpython-36.pyc
#17 240.8 byte-compiling /opt/conda/lib/python3.6/site-packages/caffe2/python/operator_test/bisect_percentile_op_test.py to bisect_percentile_op_test.cpython-36.pyc
#17 240.8 byte-compiling /opt/conda/lib/python3.6/site-packages/caffe2/python/operator_test/stats_ops_test.py to stats_ops_test.cpython-36.pyc
#17 240.8 byte-compiling /opt/conda/lib/python3.6/site-packages/caffe2/python/operator_test/im2col_col2im_test.py to im2col_col2im_test.cpython-36.pyc
#17 240.8 byte-compiling /opt/conda/lib/python3.6/site-packages/caffe2/python/operator_test/roi_align_rotated_op_test.py to roi_align_rotated_op_test.cpython-36.pyc
#17 240.8 byte-compiling /opt/conda/lib/python3.6/site-packages/caffe2/python/operator_test/elementwise_ops_test.py to elementwise_ops_test.cpython-36.pyc
#17 240.8 byte-compiling /opt/conda/lib/python3.6/site-packages/caffe2/python/operator_test/reduction_ops_test.py to reduction_ops_test.cpython-36.pyc
#17 240.8 byte-compiling /opt/conda/lib/python3.6/site-packages/caffe2/python/operator_test/softplus_op_test.py to softplus_op_test.cpython-36.pyc
#17 240.8 byte-compiling /opt/conda/lib/python3.6/site-packages/caffe2/python/operator_test/listwise_l2r_operator_test.py to listwise_l2r_operator_test.cpython-36.pyc
#17 240.8 byte-compiling /opt/conda/lib/python3.6/site-packages/caffe2/python/operator_test/unique_ops_test.py to unique_ops_test.cpython-36.pyc
#17 240.8 byte-compiling /opt/conda/lib/python3.6/site-packages/caffe2/python/operator_test/fc_operator_test.py to fc_operator_test.cpython-36.pyc
#17 240.8 byte-compiling /opt/conda/lib/python3.6/site-packages/caffe2/python/operator_test/feature_maps_ops_test.py to feature_maps_ops_test.cpython-36.pyc
#17 240.8 byte-compiling /opt/conda/lib/python3.6/site-packages/caffe2/python/operator_test/string_ops_test.py to string_ops_test.cpython-36.pyc
#17 240.8 byte-compiling /opt/conda/lib/python3.6/site-packages/caffe2/python/operator_test/pad_test.py to pad_test.cpython-36.pyc
#17 240.8 byte-compiling /opt/conda/lib/python3.6/site-packages/caffe2/python/operator_test/bucketize_op_test.py to bucketize_op_test.cpython-36.pyc
#17 240.8 byte-compiling /opt/conda/lib/python3.6/site-packages/caffe2/python/operator_test/prepend_dim_test.py to prepend_dim_test.cpython-36.pyc
#17 240.8 byte-compiling /opt/conda/lib/python3.6/site-packages/caffe2/python/operator_test/mkl_conv_op_test.py to mkl_conv_op_test.cpython-36.pyc
#17 240.8 byte-compiling /opt/conda/lib/python3.6/site-packages/caffe2/python/operator_test/ceil_op_test.py to ceil_op_test.cpython-36.pyc
#17 240.8 byte-compiling /opt/conda/lib/python3.6/site-packages/caffe2/python/operator_test/leaky_relu_test.py to leaky_relu_test.cpython-36.pyc
#17 240.8 byte-compiling /opt/conda/lib/python3.6/site-packages/caffe2/python/operator_test/map_ops_test.py to map_ops_test.cpython-36.pyc
#17 240.8 byte-compiling /opt/conda/lib/python3.6/site-packages/caffe2/python/operator_test/moments_op_test.py to moments_op_test.cpython-36.pyc
#17 240.8 byte-compiling /opt/conda/lib/python3.6/site-packages/caffe2/python/operator_test/record_queue_test.py to record_queue_test.cpython-36.pyc
#17 240.8 byte-compiling /opt/conda/lib/python3.6/site-packages/caffe2/python/operator_test/softmax_ops_test.py to softmax_ops_test.cpython-36.pyc
#17 240.8 byte-compiling /opt/conda/lib/python3.6/site-packages/caffe2/python/operator_test/specialized_segment_ops_test.py to specialized_segment_ops_test.cpython-36.pyc
#17 240.8 byte-compiling /opt/conda/lib/python3.6/site-packages/caffe2/python/operator_test/depthwise_3x3_conv_test.py to depthwise_3x3_conv_test.cpython-36.pyc
#17 240.8 byte-compiling /opt/conda/lib/python3.6/site-packages/caffe2/python/operator_test/layer_norm_op_test.py to layer_norm_op_test.cpython-36.pyc
#17 240.8 byte-compiling /opt/conda/lib/python3.6/site-packages/caffe2/python/operator_test/flatten_op_test.py to flatten_op_test.cpython-36.pyc
#17 240.8 byte-compiling /opt/conda/lib/python3.6/site-packages/caffe2/python/operator_test/merge_id_lists_op_test.py to merge_id_lists_op_test.cpython-36.pyc
#17 240.8 byte-compiling /opt/conda/lib/python3.6/site-packages/caffe2/python/operator_test/boolean_mask_test.py to boolean_mask_test.cpython-36.pyc
#17 240.8 byte-compiling /opt/conda/lib/python3.6/site-packages/caffe2/python/operator_test/adadelta_test.py to adadelta_test.cpython-36.pyc
#17 240.8 byte-compiling /opt/conda/lib/python3.6/site-packages/caffe2/python/operator_test/numpy_tile_op_test.py to numpy_tile_op_test.cpython-36.pyc
#17 240.8 byte-compiling /opt/conda/lib/python3.6/site-packages/caffe2/python/operator_test/segment_ops_test.py to segment_ops_test.cpython-36.pyc
#17 240.8 byte-compiling /opt/conda/lib/python3.6/site-packages/caffe2/python/operator_test/gru_test.py to gru_test.cpython-36.pyc
#17 240.8 byte-compiling /opt/conda/lib/python3.6/site-packages/caffe2/python/operator_test/recurrent_network_test.py to recurrent_network_test.cpython-36.pyc
#17 240.8 byte-compiling /opt/conda/lib/python3.6/site-packages/caffe2/python/operator_test/detectron_keypoints.py to detectron_keypoints.cpython-36.pyc
#17 240.8 byte-compiling /opt/conda/lib/python3.6/site-packages/caffe2/python/operator_test/atomic_ops_test.py to atomic_ops_test.cpython-36.pyc
#17 240.8 byte-compiling /opt/conda/lib/python3.6/site-packages/caffe2/python/operator_test/wngrad_test.py to wngrad_test.cpython-36.pyc
#17 240.8 byte-compiling /opt/conda/lib/python3.6/site-packages/caffe2/python/operator_test/index_hash_ops_test.py to index_hash_ops_test.cpython-36.pyc
#17 240.8 byte-compiling /opt/conda/lib/python3.6/site-packages/caffe2/python/operator_test/rnn_cell_test.py to rnn_cell_test.cpython-36.pyc
#17 240.9 byte-compiling /opt/conda/lib/python3.6/site-packages/caffe2/python/operator_test/spatial_bn_op_test.py to spatial_bn_op_test.cpython-36.pyc
#17 240.9 byte-compiling /opt/conda/lib/python3.6/site-packages/caffe2/python/operator_test/lars_test.py to lars_test.cpython-36.pyc
#17 240.9 byte-compiling /opt/conda/lib/python3.6/site-packages/caffe2/python/operator_test/cosine_embedding_criterion_op_test.py to cosine_embedding_criterion_op_test.cpython-36.pyc
#17 240.9 byte-compiling /opt/conda/lib/python3.6/site-packages/caffe2/python/operator_test/weighted_sum_test.py to weighted_sum_test.cpython-36.pyc
#17 240.9 byte-compiling /opt/conda/lib/python3.6/site-packages/caffe2/python/operator_test/one_hot_ops_test.py to one_hot_ops_test.cpython-36.pyc
#17 240.9 byte-compiling /opt/conda/lib/python3.6/site-packages/caffe2/python/operator_test/channel_shuffle_test.py to channel_shuffle_test.cpython-36.pyc
#17 240.9 byte-compiling /opt/conda/lib/python3.6/site-packages/caffe2/python/operator_test/instance_norm_test.py to instance_norm_test.cpython-36.pyc
#17 240.9 byte-compiling /opt/conda/lib/python3.6/site-packages/caffe2/python/operator_test/cudnn_recurrent_test.py to cudnn_recurrent_test.cpython-36.pyc
#17 240.9 byte-compiling /opt/conda/lib/python3.6/site-packages/caffe2/python/operator_test/copy_ops_test.py to copy_ops_test.cpython-36.pyc
#17 240.9 byte-compiling /opt/conda/lib/python3.6/site-packages/caffe2/python/operator_test/trigonometric_op_test.py to trigonometric_op_test.cpython-36.pyc
#17 240.9 byte-compiling /opt/conda/lib/python3.6/site-packages/caffe2/python/operator_test/ensure_cpu_output_op_test.py to ensure_cpu_output_op_test.cpython-36.pyc
#17 240.9 byte-compiling /opt/conda/lib/python3.6/site-packages/caffe2/python/operator_test/copy_rows_to_tensor_op_test.py to copy_rows_to_tensor_op_test.cpython-36.pyc
#17 240.9 byte-compiling /opt/conda/lib/python3.6/site-packages/caffe2/python/operator_test/learning_rate_adaption_op_test.py to learning_rate_adaption_op_test.cpython-36.pyc
#17 240.9 byte-compiling /opt/conda/lib/python3.6/site-packages/caffe2/python/operator_test/ctc_greedy_decoder_op_test.py to ctc_greedy_decoder_op_test.cpython-36.pyc
#17 240.9 byte-compiling /opt/conda/lib/python3.6/site-packages/caffe2/python/operator_test/conftest.py to conftest.cpython-36.pyc
#17 240.9 byte-compiling /opt/conda/lib/python3.6/site-packages/caffe2/python/operator_test/matmul_op_test.py to matmul_op_test.cpython-36.pyc
#17 240.9 byte-compiling /opt/conda/lib/python3.6/site-packages/caffe2/python/operator_test/unique_uniform_fill_op_test.py to unique_uniform_fill_op_test.cpython-36.pyc
#17 240.9 byte-compiling /opt/conda/lib/python3.6/site-packages/caffe2/python/operator_test/clip_op_test.py to clip_op_test.cpython-36.pyc
#17 240.9 byte-compiling /opt/conda/lib/python3.6/site-packages/caffe2/python/operator_test/clip_tensor_op_test.py to clip_tensor_op_test.cpython-36.pyc
#17 240.9 byte-compiling /opt/conda/lib/python3.6/site-packages/caffe2/python/operator_test/video_input_op_test.py to video_input_op_test.cpython-36.pyc
#17 240.9 byte-compiling /opt/conda/lib/python3.6/site-packages/caffe2/python/operator_test/lengths_tile_op_test.py to lengths_tile_op_test.cpython-36.pyc
#17 240.9 byte-compiling /opt/conda/lib/python3.6/site-packages/caffe2/python/operator_test/box_with_nms_limit_op_test.py to box_with_nms_limit_op_test.cpython-36.pyc
#17 240.9 byte-compiling /opt/conda/lib/python3.6/site-packages/caffe2/python/operator_test/enforce_finite_op_test.py to enforce_finite_op_test.cpython-36.pyc
#17 240.9 byte-compiling /opt/conda/lib/python3.6/site-packages/caffe2/python/operator_test/thresholded_relu_op_test.py to thresholded_relu_op_test.cpython-36.pyc
#17 240.9 byte-compiling /opt/conda/lib/python3.6/site-packages/caffe2/python/operator_test/negate_gradient_op_test.py to negate_gradient_op_test.cpython-36.pyc
#17 240.9 byte-compiling /opt/conda/lib/python3.6/site-packages/caffe2/python/operator_test/lpnorm_op_test.py to lpnorm_op_test.cpython-36.pyc
#17 240.9 byte-compiling /opt/conda/lib/python3.6/site-packages/caffe2/python/operator_test/basic_rnn_test.py to basic_rnn_test.cpython-36.pyc
#17 240.9 byte-compiling /opt/conda/lib/python3.6/site-packages/caffe2/python/operator_test/load_save_test.py to load_save_test.cpython-36.pyc
#17 240.9 byte-compiling /opt/conda/lib/python3.6/site-packages/caffe2/python/operator_test/dense_vector_to_id_list_op_test.py to dense_vector_to_id_list_op_test.cpython-36.pyc
#17 240.9 byte-compiling /opt/conda/lib/python3.6/site-packages/caffe2/python/operator_test/group_conv_test.py to group_conv_test.cpython-36.pyc
#17 240.9 byte-compiling /opt/conda/lib/python3.6/site-packages/caffe2/python/operator_test/expand_op_test.py to expand_op_test.cpython-36.pyc
#17 240.9 byte-compiling /opt/conda/lib/python3.6/site-packages/caffe2/python/operator_test/utility_ops_test.py to utility_ops_test.cpython-36.pyc
#17 240.9 byte-compiling /opt/conda/lib/python3.6/site-packages/caffe2/python/operator_test/sparse_gradient_checker_test.py to sparse_gradient_checker_test.cpython-36.pyc
#17 240.9 byte-compiling /opt/conda/lib/python3.6/site-packages/caffe2/python/operator_test/weighted_sample_test.py to weighted_sample_test.cpython-36.pyc
#17 240.9 byte-compiling /opt/conda/lib/python3.6/site-packages/caffe2/python/operator_test/momentum_sgd_test.py to momentum_sgd_test.cpython-36.pyc
#17 240.9 byte-compiling /opt/conda/lib/python3.6/site-packages/caffe2/python/operator_test/mod_op_test.py to mod_op_test.cpython-36.pyc
#17 240.9 byte-compiling /opt/conda/lib/python3.6/site-packages/caffe2/python/operator_test/square_root_divide_op_test.py to square_root_divide_op_test.cpython-36.pyc
#17 240.9 byte-compiling /opt/conda/lib/python3.6/site-packages/caffe2/python/operator_test/given_tensor_fill_op_test.py to given_tensor_fill_op_test.cpython-36.pyc
#17 240.9 byte-compiling /opt/conda/lib/python3.6/site-packages/caffe2/python/operator_test/learning_rate_op_test.py to learning_rate_op_test.cpython-36.pyc
#17 240.9 byte-compiling /opt/conda/lib/python3.6/site-packages/caffe2/python/operator_test/rebatching_queue_test.py to rebatching_queue_test.cpython-36.pyc
#17 240.9 byte-compiling /opt/conda/lib/python3.6/site-packages/caffe2/python/operator_test/length_split_op_test.py to length_split_op_test.cpython-36.pyc
#17 240.9 byte-compiling /opt/conda/lib/python3.6/site-packages/caffe2/python/operator_test/data_couple_op_test.py to data_couple_op_test.cpython-36.pyc
#17 240.9 byte-compiling /opt/conda/lib/python3.6/site-packages/caffe2/python/operator_test/gather_ranges_op_test.py to gather_ranges_op_test.cpython-36.pyc
#17 240.9 byte-compiling /opt/conda/lib/python3.6/site-packages/caffe2/python/operator_test/gather_ops_test.py to gather_ops_test.cpython-36.pyc
#17 240.9 byte-compiling /opt/conda/lib/python3.6/site-packages/caffe2/python/operator_test/selu_op_test.py to selu_op_test.cpython-36.pyc
#17 240.9 byte-compiling /opt/conda/lib/python3.6/site-packages/caffe2/python/operator_test/checkpoint_test.py to checkpoint_test.cpython-36.pyc
#17 240.9 byte-compiling /opt/conda/lib/python3.6/site-packages/caffe2/python/operator_test/sparse_ops_test.py to sparse_ops_test.cpython-36.pyc
#17 240.9 byte-compiling /opt/conda/lib/python3.6/site-packages/caffe2/python/operator_test/__init__.py to __init__.cpython-36.pyc
#17 240.9 byte-compiling /opt/conda/lib/python3.6/site-packages/caffe2/python/operator_test/sparse_normalize_test.py to sparse_normalize_test.cpython-36.pyc
#17 240.9 byte-compiling /opt/conda/lib/python3.6/site-packages/caffe2/python/operator_test/lengths_top_k_ops_test.py to lengths_top_k_ops_test.cpython-36.pyc
#17 240.9 byte-compiling /opt/conda/lib/python3.6/site-packages/caffe2/python/operator_test/sinusoid_position_encoding_op_test.py to sinusoid_position_encoding_op_test.cpython-36.pyc
#17 240.9 byte-compiling /opt/conda/lib/python3.6/site-packages/caffe2/python/operator_test/piecewise_linear_transform_test.py to piecewise_linear_transform_test.cpython-36.pyc
#17 240.9 byte-compiling /opt/conda/lib/python3.6/site-packages/caffe2/python/operator_test/index_ops_test.py to index_ops_test.cpython-36.pyc
#17 240.9 byte-compiling /opt/conda/lib/python3.6/site-packages/caffe2/python/operator_test/apmeter_test.py to apmeter_test.cpython-36.pyc
#17 240.9 byte-compiling /opt/conda/lib/python3.6/site-packages/caffe2/python/operator_test/loss_ops_test.py to loss_ops_test.cpython-36.pyc
#17 240.9 byte-compiling /opt/conda/lib/python3.6/site-packages/caffe2/python/operator_test/boolean_unmask_test.py to boolean_unmask_test.cpython-36.pyc
#17 240.9 byte-compiling /opt/conda/lib/python3.6/site-packages/caffe2/python/operator_test/cross_entropy_ops_test.py to cross_entropy_ops_test.cpython-36.pyc
#17 240.9 byte-compiling /opt/conda/lib/python3.6/site-packages/caffe2/python/operator_test/sparse_lengths_sum_benchmark.py to sparse_lengths_sum_benchmark.cpython-36.pyc
#17 240.9 byte-compiling /opt/conda/lib/python3.6/site-packages/caffe2/python/operator_test/batch_bucketize_op_test.py to batch_bucketize_op_test.cpython-36.pyc
#17 240.9 byte-compiling /opt/conda/lib/python3.6/site-packages/caffe2/python/operator_test/upsample_op_test.py to upsample_op_test.cpython-36.pyc
#17 240.9 byte-compiling /opt/conda/lib/python3.6/site-packages/caffe2/python/operator_test/find_op_test.py to find_op_test.cpython-36.pyc
#17 240.9 byte-compiling /opt/conda/lib/python3.6/site-packages/caffe2/python/operator_test/concat_split_op_test.py to concat_split_op_test.cpython-36.pyc
#17 240.9 byte-compiling /opt/conda/lib/python3.6/site-packages/caffe2/python/operator_test/elementwise_linear_op_test.py to elementwise_linear_op_test.cpython-36.pyc
#17 240.9 byte-compiling /opt/conda/lib/python3.6/site-packages/caffe2/python/operator_test/flexible_top_k_test.py to flexible_top_k_test.cpython-36.pyc
#17 240.9 byte-compiling /opt/conda/lib/python3.6/site-packages/caffe2/python/operator_test/integral_image_ops_test.py to integral_image_ops_test.cpython-36.pyc
#17 240.9 byte-compiling /opt/conda/lib/python3.6/site-packages/caffe2/python/operator_test/channel_backprop_stats_op_test.py to channel_backprop_stats_op_test.cpython-36.pyc
#17 240.9 byte-compiling /opt/conda/lib/python3.6/site-packages/caffe2/python/operator_test/onnx_while_test.py to onnx_while_test.cpython-36.pyc
#17 240.9 byte-compiling /opt/conda/lib/python3.6/site-packages/caffe2/python/operator_test/mkl_packed_fc_op_test.py to mkl_packed_fc_op_test.cpython-36.pyc
#17 240.9 byte-compiling /opt/conda/lib/python3.6/site-packages/caffe2/python/operator_test/affine_channel_op_test.py to affine_channel_op_test.cpython-36.pyc
#17 240.9 byte-compiling /opt/conda/lib/python3.6/site-packages/caffe2/python/operator_test/key_split_ops_test.py to key_split_ops_test.cpython-36.pyc
#17 240.9 byte-compiling /opt/conda/lib/python3.6/site-packages/caffe2/python/operator_test/heatmap_max_keypoint_op_test.py to heatmap_max_keypoint_op_test.cpython-36.pyc
#17 240.9 byte-compiling /opt/conda/lib/python3.6/site-packages/caffe2/python/operator_test/adagrad_test.py to adagrad_test.cpython-36.pyc
#17 240.9 byte-compiling /opt/conda/lib/python3.6/site-packages/caffe2/python/operator_test/image_input_op_test.py to image_input_op_test.cpython-36.pyc
#17 240.9 byte-compiling /opt/conda/lib/python3.6/site-packages/caffe2/python/operator_test/channel_stats_op_test.py to channel_stats_op_test.cpython-36.pyc
#17 240.9 byte-compiling /opt/conda/lib/python3.6/site-packages/caffe2/python/operator_test/sparse_dropout_with_replacement_op_test.py to sparse_dropout_with_replacement_op_test.cpython-36.pyc
#17 240.9 byte-compiling /opt/conda/lib/python3.6/site-packages/caffe2/python/operator_test/collect_and_distribute_fpn_rpn_proposals_op_test.py to collect_and_distribute_fpn_rpn_proposals_op_test.cpython-36.pyc
#17 240.9 byte-compiling /opt/conda/lib/python3.6/site-packages/caffe2/python/operator_test/group_norm_op_test.py to group_norm_op_test.cpython-36.pyc
#17 240.9 byte-compiling /opt/conda/lib/python3.6/site-packages/caffe2/python/operator_test/counter_ops_test.py to counter_ops_test.cpython-36.pyc
#17 240.9 byte-compiling /opt/conda/lib/python3.6/site-packages/caffe2/python/operator_test/pooling_test.py to pooling_test.cpython-36.pyc
#17 240.9 byte-compiling /opt/conda/lib/python3.6/site-packages/caffe2/python/operator_test/adagrad_test_helper.py to adagrad_test_helper.cpython-36.pyc
#17 240.9 byte-compiling /opt/conda/lib/python3.6/site-packages/caffe2/python/operator_test/bbox_transform_test.py to bbox_transform_test.cpython-36.pyc
#17 240.9 byte-compiling /opt/conda/lib/python3.6/site-packages/caffe2/python/operator_test/duplicate_operands_test.py to duplicate_operands_test.cpython-36.pyc
#17 240.9 byte-compiling /opt/conda/lib/python3.6/site-packages/caffe2/python/operator_test/rmac_regions_op_test.py to rmac_regions_op_test.cpython-36.pyc
#17 240.9 byte-compiling /opt/conda/lib/python3.6/site-packages/caffe2/python/operator_test/weighted_multi_sample_test.py to weighted_multi_sample_test.cpython-36.pyc
#17 240.9 byte-compiling /opt/conda/lib/python3.6/site-packages/caffe2/python/operator_test/elementwise_op_broadcast_test.py to elementwise_op_broadcast_test.cpython-36.pyc
#17 240.9 byte-compiling /opt/conda/lib/python3.6/site-packages/caffe2/python/operator_test/blobs_queue_db_test.py to blobs_queue_db_test.cpython-36.pyc
#17 240.9 byte-compiling /opt/conda/lib/python3.6/site-packages/caffe2/python/operator_test/adam_test.py to adam_test.cpython-36.pyc
#17 240.9 byte-compiling /opt/conda/lib/python3.6/site-packages/caffe2/python/operator_test/torch_integration_test.py to torch_integration_test.cpython-36.pyc
#17 240.9 byte-compiling /opt/conda/lib/python3.6/site-packages/caffe2/python/operator_test/normalize_op_test.py to normalize_op_test.cpython-36.pyc
#17 240.9 byte-compiling /opt/conda/lib/python3.6/site-packages/caffe2/python/operator_test/assert_test.py to assert_test.cpython-36.pyc
#17 240.9 byte-compiling /opt/conda/lib/python3.6/site-packages/caffe2/python/operator_test/crf_test.py to crf_test.cpython-36.pyc
#17 240.9 byte-compiling /opt/conda/lib/python3.6/site-packages/caffe2/python/operator_test/arg_ops_test.py to arg_ops_test.cpython-36.pyc
#17 240.9 byte-compiling /opt/conda/lib/python3.6/site-packages/caffe2/python/operator_test/conv_transpose_test.py to conv_transpose_test.cpython-36.pyc
#17 240.9 byte-compiling /opt/conda/lib/python3.6/site-packages/caffe2/python/operator_test/shape_inference_test.py to shape_inference_test.cpython-36.pyc
#17 240.9 byte-compiling /opt/conda/lib/python3.6/site-packages/caffe2/python/operator_test/ensure_clipped_test.py to ensure_clipped_test.cpython-36.pyc
#17 240.9 byte-compiling /opt/conda/lib/python3.6/site-packages/caffe2/python/operator_test/transpose_op_test.py to transpose_op_test.cpython-36.pyc
#17 240.9 byte-compiling /opt/conda/lib/python3.6/site-packages/caffe2/python/operator_test/text_file_reader_test.py to text_file_reader_test.cpython-36.pyc
#17 240.9 byte-compiling /opt/conda/lib/python3.6/site-packages/caffe2/python/operator_test/ngram_ops_test.py to ngram_ops_test.cpython-36.pyc
#17 240.9 byte-compiling /opt/conda/lib/python3.6/site-packages/caffe2/python/operator_test/jsd_ops_test.py to jsd_ops_test.cpython-36.pyc
#17 240.9 byte-compiling /opt/conda/lib/python3.6/site-packages/caffe2/python/operator_test/dataset_ops_test.py to dataset_ops_test.cpython-36.pyc
#17 240.9 byte-compiling /opt/conda/lib/python3.6/site-packages/caffe2/python/operator_test/filler_ops_test.py to filler_ops_test.cpython-36.pyc
#17 240.9 byte-compiling /opt/conda/lib/python3.6/site-packages/caffe2/python/operator_test/dropout_op_test.py to dropout_op_test.cpython-36.pyc
#17 240.9 byte-compiling /opt/conda/lib/python3.6/site-packages/caffe2/python/operator_test/reduce_ops_test.py to reduce_ops_test.cpython-36.pyc
#17 240.9 byte-compiling /opt/conda/lib/python3.6/site-packages/caffe2/python/operator_test/rand_quantization_op_test.py to rand_quantization_op_test.cpython-36.pyc
#17 240.9 byte-compiling /opt/conda/lib/python3.6/site-packages/caffe2/python/operator_test/recurrent_net_executor_test.py to recurrent_net_executor_test.cpython-36.pyc
#17 240.9 byte-compiling /opt/conda/lib/python3.6/site-packages/caffe2/python/operator_test/resize_op_test.py to resize_op_test.cpython-36.pyc
#17 240.9 byte-compiling /opt/conda/lib/python3.6/site-packages/caffe2/python/operator_test/deform_conv_test.py to deform_conv_test.cpython-36.pyc
#17 240.9 byte-compiling /opt/conda/lib/python3.6/site-packages/caffe2/python/operator_test/sequence_ops_test.py to sequence_ops_test.cpython-36.pyc
#17 240.9 byte-compiling /opt/conda/lib/python3.6/site-packages/caffe2/python/operator_test/emptysample_ops_test.py to emptysample_ops_test.cpython-36.pyc
#17 240.9 byte-compiling /opt/conda/lib/python3.6/site-packages/caffe2/python/operator_test/batch_box_cox_test.py to batch_box_cox_test.cpython-36.pyc
#17 240.9 byte-compiling /opt/conda/lib/python3.6/site-packages/caffe2/python/operator_test/ctc_beam_search_decoder_op_test.py to ctc_beam_search_decoder_op_test.cpython-36.pyc
#17 240.9 byte-compiling /opt/conda/lib/python3.6/site-packages/caffe2/python/operator_test/math_ops_test.py to math_ops_test.cpython-36.pyc
#17 240.9 byte-compiling /opt/conda/lib/python3.6/site-packages/caffe2/python/operator_test/activation_ops_test.py to activation_ops_test.cpython-36.pyc
#17 240.9 byte-compiling /opt/conda/lib/python3.6/site-packages/caffe2/python/operator_test/pack_rnn_sequence_op_test.py to pack_rnn_sequence_op_test.cpython-36.pyc
#17 240.9 byte-compiling /opt/conda/lib/python3.6/site-packages/caffe2/python/operator_test/percentile_op_test.py to percentile_op_test.cpython-36.pyc
#17 240.9 byte-compiling /opt/conda/lib/python3.6/site-packages/caffe2/python/operator_test/tile_op_test.py to tile_op_test.cpython-36.pyc
#17 240.9 byte-compiling /opt/conda/lib/python3.6/site-packages/caffe2/python/operator_test/conditional_test.py to conditional_test.cpython-36.pyc
#17 240.9 byte-compiling /opt/conda/lib/python3.6/site-packages/caffe2/python/operator_test/elementwise_logical_ops_test.py to elementwise_logical_ops_test.cpython-36.pyc
#17 240.9 byte-compiling /opt/conda/lib/python3.6/site-packages/caffe2/python/operator_test/scale_op_test.py to scale_op_test.cpython-36.pyc
#17 240.9 byte-compiling /opt/conda/lib/python3.6/site-packages/caffe2/python/text_file_reader.py to text_file_reader.cpython-36.pyc
#17 240.9 byte-compiling /opt/conda/lib/python3.6/site-packages/caffe2/python/context_test.py to context_test.cpython-36.pyc
#17 240.9 byte-compiling /opt/conda/lib/python3.6/site-packages/caffe2/python/operator_fp_exceptions_test.py to operator_fp_exceptions_test.cpython-36.pyc
#17 240.9 byte-compiling /opt/conda/lib/python3.6/site-packages/caffe2/python/data_parallel_model_test.py to data_parallel_model_test.cpython-36.pyc
#17 241.0 byte-compiling /opt/conda/lib/python3.6/site-packages/caffe2/python/parallelize_bmuf_distributed_test.py to parallelize_bmuf_distributed_test.cpython-36.pyc
#17 241.0 byte-compiling /opt/conda/lib/python3.6/site-packages/caffe2/python/nomnigraph_transformations_test.py to nomnigraph_transformations_test.cpython-36.pyc
#17 241.0 byte-compiling /opt/conda/lib/python3.6/site-packages/caffe2/python/mint/app.py to app.cpython-36.pyc
#17 241.0 byte-compiling /opt/conda/lib/python3.6/site-packages/caffe2/python/mint/__init__.py to __init__.cpython-36.pyc
#17 241.0 byte-compiling /opt/conda/lib/python3.6/site-packages/caffe2/python/rnn_cell.py to rnn_cell.cpython-36.pyc
#17 241.0 byte-compiling /opt/conda/lib/python3.6/site-packages/caffe2/python/predictor/predictor_py_utils.py to predictor_py_utils.cpython-36.pyc
#17 241.0 byte-compiling /opt/conda/lib/python3.6/site-packages/caffe2/python/predictor/mobile_exporter.py to mobile_exporter.cpython-36.pyc
#17 241.0 byte-compiling /opt/conda/lib/python3.6/site-packages/caffe2/python/predictor/predictor_exporter_test.py to predictor_exporter_test.cpython-36.pyc
#17 241.0 byte-compiling /opt/conda/lib/python3.6/site-packages/caffe2/python/predictor/predictor_test.py to predictor_test.cpython-36.pyc
#17 241.0 byte-compiling /opt/conda/lib/python3.6/site-packages/caffe2/python/predictor/__init__.py to __init__.cpython-36.pyc
#17 241.0 byte-compiling /opt/conda/lib/python3.6/site-packages/caffe2/python/predictor/predictor_exporter.py to predictor_exporter.cpython-36.pyc
#17 241.0 byte-compiling /opt/conda/lib/python3.6/site-packages/caffe2/python/predictor/mobile_exporter_test.py to mobile_exporter_test.cpython-36.pyc
#17 241.0 byte-compiling /opt/conda/lib/python3.6/site-packages/caffe2/python/predictor/serde.py to serde.cpython-36.pyc
#17 241.0 byte-compiling /opt/conda/lib/python3.6/site-packages/caffe2/python/muji.py to muji.cpython-36.pyc
#17 241.0 byte-compiling /opt/conda/lib/python3.6/site-packages/caffe2/python/docs/parser.py to parser.cpython-36.pyc
#17 241.0 byte-compiling /opt/conda/lib/python3.6/site-packages/caffe2/python/docs/formatter.py to formatter.cpython-36.pyc
#17 241.0 byte-compiling /opt/conda/lib/python3.6/site-packages/caffe2/python/docs/generator.py to generator.cpython-36.pyc
#17 241.0 byte-compiling /opt/conda/lib/python3.6/site-packages/caffe2/python/docs/__init__.py to __init__.cpython-36.pyc
#17 241.0 byte-compiling /opt/conda/lib/python3.6/site-packages/caffe2/python/docs/github.py to github.cpython-36.pyc
#17 241.0 byte-compiling /opt/conda/lib/python3.6/site-packages/caffe2/python/optimizer_test_util.py to optimizer_test_util.cpython-36.pyc
#17 241.0 byte-compiling /opt/conda/lib/python3.6/site-packages/caffe2/python/optimizer.py to optimizer.cpython-36.pyc
#17 241.0 byte-compiling /opt/conda/lib/python3.6/site-packages/caffe2/python/attention.py to attention.cpython-36.pyc
#17 241.0 byte-compiling /opt/conda/lib/python3.6/site-packages/caffe2/python/lengths_reducer_fused_8bit_rowwise_ops_test.py to lengths_reducer_fused_8bit_rowwise_ops_test.cpython-36.pyc
#17 241.0 byte-compiling /opt/conda/lib/python3.6/site-packages/caffe2/python/test/executor_test_util.py to executor_test_util.cpython-36.pyc
#17 241.0 byte-compiling /opt/conda/lib/python3.6/site-packages/caffe2/python/test/inference_lstm_op_test.py to inference_lstm_op_test.cpython-36.pyc
#17 241.0 byte-compiling /opt/conda/lib/python3.6/site-packages/caffe2/python/test/__init__.py to __init__.cpython-36.pyc
#17 241.0 byte-compiling /opt/conda/lib/python3.6/site-packages/caffe2/python/test/executor_test.py to executor_test.cpython-36.pyc
#17 241.0 byte-compiling /opt/conda/lib/python3.6/site-packages/caffe2/python/test/blob_deallocation_test.py to blob_deallocation_test.cpython-36.pyc
#17 241.0 byte-compiling /opt/conda/lib/python3.6/site-packages/caffe2/python/test/python_protobuf_test.py to python_protobuf_test.cpython-36.pyc
#17 241.0 byte-compiling /opt/conda/lib/python3.6/site-packages/caffe2/python/test/do_op_test.py to do_op_test.cpython-36.pyc
#17 241.0 byte-compiling /opt/conda/lib/python3.6/site-packages/caffe2/python/layer_parameter_sharing_test.py to layer_parameter_sharing_test.cpython-36.pyc
#17 241.0 byte-compiling /opt/conda/lib/python3.6/site-packages/caffe2/python/control.py to control.cpython-36.pyc
#17 241.0 byte-compiling /opt/conda/lib/python3.6/site-packages/caffe2/python/pipeline.py to pipeline.cpython-36.pyc
#17 241.0 byte-compiling /opt/conda/lib/python3.6/site-packages/caffe2/python/allcompare_test.py to allcompare_test.cpython-36.pyc
#17 241.0 byte-compiling /opt/conda/lib/python3.6/site-packages/caffe2/python/examples/char_rnn.py to char_rnn.cpython-36.pyc
#17 241.0 byte-compiling /opt/conda/lib/python3.6/site-packages/caffe2/python/examples/imagenet_trainer.py to imagenet_trainer.cpython-36.pyc
#17 241.0 byte-compiling /opt/conda/lib/python3.6/site-packages/caffe2/python/examples/lmdb_create_example.py to lmdb_create_example.cpython-36.pyc
#17 241.0 byte-compiling /opt/conda/lib/python3.6/site-packages/caffe2/python/examples/__init__.py to __init__.cpython-36.pyc
#17 241.0 byte-compiling /opt/conda/lib/python3.6/site-packages/caffe2/python/examples/resnet50_trainer.py to resnet50_trainer.cpython-36.pyc
#17 241.0 byte-compiling /opt/conda/lib/python3.6/site-packages/caffe2/python/regularizer.py to regularizer.cpython-36.pyc
#17 241.0 byte-compiling /opt/conda/lib/python3.6/site-packages/caffe2/python/convert_test.py to convert_test.cpython-36.pyc
#17 241.0 byte-compiling /opt/conda/lib/python3.6/site-packages/caffe2/python/functional.py to functional.cpython-36.pyc
#17 241.0 byte-compiling /opt/conda/lib/python3.6/site-packages/caffe2/python/utils_test.py to utils_test.cpython-36.pyc
#17 241.0 byte-compiling /opt/conda/lib/python3.6/site-packages/caffe2/python/normalizer_test.py to normalizer_test.cpython-36.pyc
#17 241.0 byte-compiling /opt/conda/lib/python3.6/site-packages/caffe2/python/compatibility.py to compatibility.cpython-36.pyc
#17 241.0 byte-compiling /opt/conda/lib/python3.6/site-packages/caffe2/python/layers_test.py to layers_test.cpython-36.pyc
#17 241.0 byte-compiling /opt/conda/lib/python3.6/site-packages/caffe2/python/net_builder.py to net_builder.cpython-36.pyc
#17 241.0 byte-compiling /opt/conda/lib/python3.6/site-packages/caffe2/python/serialized_test/coverage.py to coverage.cpython-36.pyc
#17 241.0 byte-compiling /opt/conda/lib/python3.6/site-packages/caffe2/python/serialized_test/serialized_test_util.py to serialized_test_util.cpython-36.pyc
#17 241.0 byte-compiling /opt/conda/lib/python3.6/site-packages/caffe2/python/serialized_test/__init__.py to __init__.cpython-36.pyc
#17 241.0 byte-compiling /opt/conda/lib/python3.6/site-packages/caffe2/python/schema_test.py to schema_test.cpython-36.pyc
#17 241.0 byte-compiling /opt/conda/lib/python3.6/site-packages/caffe2/python/predictor_constants.py to predictor_constants.cpython-36.pyc
#17 241.0 byte-compiling /opt/conda/lib/python3.6/site-packages/caffe2/python/modeling/net_modifier.py to net_modifier.cpython-36.pyc
#17 241.0 byte-compiling /opt/conda/lib/python3.6/site-packages/caffe2/python/modeling/initializers_test.py to initializers_test.cpython-36.pyc
#17 241.0 byte-compiling /opt/conda/lib/python3.6/site-packages/caffe2/python/modeling/get_entry_from_blobs.py to get_entry_from_blobs.cpython-36.pyc
#17 241.0 byte-compiling /opt/conda/lib/python3.6/site-packages/caffe2/python/modeling/compute_histogram_for_blobs.py to compute_histogram_for_blobs.cpython-36.pyc
#17 241.0 byte-compiling /opt/conda/lib/python3.6/site-packages/caffe2/python/modeling/compute_histogram_for_blobs_test.py to compute_histogram_for_blobs_test.cpython-36.pyc
#17 241.0 byte-compiling /opt/conda/lib/python3.6/site-packages/caffe2/python/modeling/parameter_sharing_test.py to parameter_sharing_test.cpython-36.pyc
#17 241.0 byte-compiling /opt/conda/lib/python3.6/site-packages/caffe2/python/modeling/compute_norm_for_blobs_test.py to compute_norm_for_blobs_test.cpython-36.pyc
#17 241.0 byte-compiling /opt/conda/lib/python3.6/site-packages/caffe2/python/modeling/initializers.py to initializers.cpython-36.pyc
#17 241.0 byte-compiling /opt/conda/lib/python3.6/site-packages/caffe2/python/modeling/get_entry_from_blobs_test.py to get_entry_from_blobs_test.cpython-36.pyc
#17 241.0 byte-compiling /opt/conda/lib/python3.6/site-packages/caffe2/python/modeling/parameter_info.py to parameter_info.cpython-36.pyc
#17 241.0 byte-compiling /opt/conda/lib/python3.6/site-packages/caffe2/python/modeling/gradient_clipping_test.py to gradient_clipping_test.cpython-36.pyc
#17 241.0 byte-compiling /opt/conda/lib/python3.6/site-packages/caffe2/python/modeling/__init__.py to __init__.cpython-36.pyc
#17 241.0 byte-compiling /opt/conda/lib/python3.6/site-packages/caffe2/python/modeling/gradient_clipping.py to gradient_clipping.cpython-36.pyc
#17 241.0 byte-compiling /opt/conda/lib/python3.6/site-packages/caffe2/python/modeling/compute_statistics_for_blobs.py to compute_statistics_for_blobs.cpython-36.pyc
#17 241.0 byte-compiling /opt/conda/lib/python3.6/site-packages/caffe2/python/modeling/compute_statistics_for_blobs_test.py to compute_statistics_for_blobs_test.cpython-36.pyc
#17 241.0 byte-compiling /opt/conda/lib/python3.6/site-packages/caffe2/python/modeling/parameter_sharing.py to parameter_sharing.cpython-36.pyc
#17 241.0 byte-compiling /opt/conda/lib/python3.6/site-packages/caffe2/python/modeling/compute_norm_for_blobs.py to compute_norm_for_blobs.cpython-36.pyc
#17 241.0 byte-compiling /opt/conda/lib/python3.6/site-packages/caffe2/python/toy_regression_test.py to toy_regression_test.cpython-36.pyc
#17 241.0 byte-compiling /opt/conda/lib/python3.6/site-packages/caffe2/python/models/shufflenet_test.py to shufflenet_test.cpython-36.pyc
#17 241.0 byte-compiling /opt/conda/lib/python3.6/site-packages/caffe2/python/models/imagenet_trainer_test_utils.py to imagenet_trainer_test_utils.cpython-36.pyc
#17 241.0 byte-compiling /opt/conda/lib/python3.6/site-packages/caffe2/python/models/__sym_init__.py to __sym_init__.cpython-36.pyc
#17 241.0 byte-compiling /opt/conda/lib/python3.6/site-packages/caffe2/python/models/shufflenet.py to shufflenet.cpython-36.pyc
#17 241.0 byte-compiling /opt/conda/lib/python3.6/site-packages/caffe2/python/models/seq2seq/seq2seq_model_helper.py to seq2seq_model_helper.cpython-36.pyc
#17 241.0 byte-compiling /opt/conda/lib/python3.6/site-packages/caffe2/python/models/seq2seq/seq2seq_util.py to seq2seq_util.cpython-36.pyc
#17 241.0 byte-compiling /opt/conda/lib/python3.6/site-packages/caffe2/python/models/seq2seq/translate.py to translate.cpython-36.pyc
#17 241.0 byte-compiling /opt/conda/lib/python3.6/site-packages/caffe2/python/models/seq2seq/__init__.py to __init__.cpython-36.pyc
#17 241.0 byte-compiling /opt/conda/lib/python3.6/site-packages/caffe2/python/models/seq2seq/train.py to train.cpython-36.pyc
#17 241.0 byte-compiling /opt/conda/lib/python3.6/site-packages/caffe2/python/models/seq2seq/seq2seq_beam_search_test.py to seq2seq_beam_search_test.cpython-36.pyc
#17 241.0 byte-compiling /opt/conda/lib/python3.6/site-packages/caffe2/python/models/seq2seq/beam_search.py to beam_search.cpython-36.pyc
#17 241.0 byte-compiling /opt/conda/lib/python3.6/site-packages/caffe2/python/models/seq2seq/seq2seq_model_helper_test.py to seq2seq_model_helper_test.cpython-36.pyc
#17 241.0 byte-compiling /opt/conda/lib/python3.6/site-packages/caffe2/python/models/__init__.py to __init__.cpython-36.pyc
#17 241.0 byte-compiling /opt/conda/lib/python3.6/site-packages/caffe2/python/models/resnet.py to resnet.cpython-36.pyc
#17 241.0 byte-compiling /opt/conda/lib/python3.6/site-packages/caffe2/python/models/download.py to download.cpython-36.pyc
#17 241.0 byte-compiling /opt/conda/lib/python3.6/site-packages/caffe2/python/models/resnet_test.py to resnet_test.cpython-36.pyc
#17 241.0 byte-compiling /opt/conda/lib/python3.6/site-packages/caffe2/python/nomnigraph_transformations.py to nomnigraph_transformations.cpython-36.pyc
#17 241.0 byte-compiling /opt/conda/lib/python3.6/site-packages/caffe2/python/numa_test.py to numa_test.cpython-36.pyc
#17 241.0 byte-compiling /opt/conda/lib/python3.6/site-packages/caffe2/python/hip_test_util.py to hip_test_util.cpython-36.pyc
#17 241.0 byte-compiling /opt/conda/lib/python3.6/site-packages/caffe2/python/core_test.py to core_test.cpython-36.pyc
#17 241.0 byte-compiling /opt/conda/lib/python3.6/site-packages/caffe2/python/regularizer_test.py to regularizer_test.cpython-36.pyc
#17 241.0 byte-compiling /opt/conda/lib/python3.6/site-packages/caffe2/python/net_printer_test.py to net_printer_test.cpython-36.pyc
#17 241.0 byte-compiling /opt/conda/lib/python3.6/site-packages/caffe2/python/optimizer_test.py to optimizer_test.cpython-36.pyc
#17 241.0 byte-compiling /opt/conda/lib/python3.6/site-packages/caffe2/python/numa_benchmark.py to numa_benchmark.cpython-36.pyc
#17 241.0 byte-compiling /opt/conda/lib/python3.6/site-packages/caffe2/python/rnn/rnn_cell_test_util.py to rnn_cell_test_util.cpython-36.pyc
#17 241.0 byte-compiling /opt/conda/lib/python3.6/site-packages/caffe2/python/rnn/__init__.py to __init__.cpython-36.pyc
#17 241.0 byte-compiling /opt/conda/lib/python3.6/site-packages/caffe2/python/rnn/lstm_comparison.py to lstm_comparison.cpython-36.pyc
#17 241.0 byte-compiling /opt/conda/lib/python3.6/site-packages/caffe2/python/layer_test_util.py to layer_test_util.cpython-36.pyc
#17 241.0 byte-compiling /opt/conda/lib/python3.6/site-packages/caffe2/python/checkpoint.py to checkpoint.cpython-36.pyc
#17 241.0 byte-compiling /opt/conda/lib/python3.6/site-packages/caffe2/python/test_util.py to test_util.cpython-36.pyc
#17 241.0 byte-compiling /opt/conda/lib/python3.6/site-packages/caffe2/python/checkpoint_test.py to checkpoint_test.cpython-36.pyc
#17 241.0 byte-compiling /opt/conda/lib/python3.6/site-packages/caffe2/python/__init__.py to __init__.cpython-36.pyc
#17 241.0 byte-compiling /opt/conda/lib/python3.6/site-packages/caffe2/python/control_ops_grad_test.py to control_ops_grad_test.cpython-36.pyc
#17 241.0 byte-compiling /opt/conda/lib/python3.6/site-packages/caffe2/python/build.py to build.cpython-36.pyc
#17 241.0 byte-compiling /opt/conda/lib/python3.6/site-packages/caffe2/python/control_test.py to control_test.cpython-36.pyc
#17 241.0 byte-compiling /opt/conda/lib/python3.6/site-packages/caffe2/python/helpers/tools.py to tools.cpython-36.pyc
#17 241.0 byte-compiling /opt/conda/lib/python3.6/site-packages/caffe2/python/helpers/array_helpers.py to array_helpers.cpython-36.pyc
#17 241.0 byte-compiling /opt/conda/lib/python3.6/site-packages/caffe2/python/helpers/dropout.py to dropout.cpython-36.pyc
#17 241.0 byte-compiling /opt/conda/lib/python3.6/site-packages/caffe2/python/helpers/normalization.py to normalization.cpython-36.pyc
#17 241.1 byte-compiling /opt/conda/lib/python3.6/site-packages/caffe2/python/helpers/fc.py to fc.cpython-36.pyc
#17 241.1 byte-compiling /opt/conda/lib/python3.6/site-packages/caffe2/python/helpers/control_ops.py to control_ops.cpython-36.pyc
#17 241.1 byte-compiling /opt/conda/lib/python3.6/site-packages/caffe2/python/helpers/db_input.py to db_input.cpython-36.pyc
#17 241.1 byte-compiling /opt/conda/lib/python3.6/site-packages/caffe2/python/helpers/arg_scope.py to arg_scope.cpython-36.pyc
#17 241.1 byte-compiling /opt/conda/lib/python3.6/site-packages/caffe2/python/helpers/__init__.py to __init__.cpython-36.pyc
#17 241.1 byte-compiling /opt/conda/lib/python3.6/site-packages/caffe2/python/helpers/pooling.py to pooling.cpython-36.pyc
#17 241.1 byte-compiling /opt/conda/lib/python3.6/site-packages/caffe2/python/helpers/conv.py to conv.cpython-36.pyc
#17 241.1 byte-compiling /opt/conda/lib/python3.6/site-packages/caffe2/python/helpers/algebra.py to algebra.cpython-36.pyc
#17 241.1 byte-compiling /opt/conda/lib/python3.6/site-packages/caffe2/python/helpers/nonlinearity.py to nonlinearity.cpython-36.pyc
#17 241.1 byte-compiling /opt/conda/lib/python3.6/site-packages/caffe2/python/helpers/train.py to train.cpython-36.pyc
#17 241.1 byte-compiling /opt/conda/lib/python3.6/site-packages/caffe2/python/helpers/elementwise_linear.py to elementwise_linear.cpython-36.pyc
#17 241.1 byte-compiling /opt/conda/lib/python3.6/site-packages/caffe2/python/experiment_util.py to experiment_util.cpython-36.pyc
#17 241.1 byte-compiling /opt/conda/lib/python3.6/site-packages/caffe2/python/gradient_checker.py to gradient_checker.cpython-36.pyc
#17 241.1 byte-compiling /opt/conda/lib/python3.6/site-packages/caffe2/python/control_ops_grad.py to control_ops_grad.cpython-36.pyc
#17 241.1 byte-compiling /opt/conda/lib/python3.6/site-packages/caffe2/python/mkl_test_util.py to mkl_test_util.cpython-36.pyc
#17 241.1 byte-compiling /opt/conda/lib/python3.6/site-packages/caffe2/python/nomnigraph_test.py to nomnigraph_test.cpython-36.pyc
#17 241.1 byte-compiling /opt/conda/lib/python3.6/site-packages/caffe2/python/muji_test.py to muji_test.cpython-36.pyc
#17 241.1 byte-compiling /opt/conda/lib/python3.6/site-packages/caffe2/python/scope_test.py to scope_test.cpython-36.pyc
#17 241.1 byte-compiling /opt/conda/lib/python3.6/site-packages/caffe2/python/sparse_to_dense_mask_test.py to sparse_to_dense_mask_test.cpython-36.pyc
#17 241.1 byte-compiling /opt/conda/lib/python3.6/site-packages/caffe2/python/transformations_test.py to transformations_test.cpython-36.pyc
#17 241.1 byte-compiling /opt/conda/lib/python3.6/site-packages/caffe2/python/fused_8bit_rowwise_conversion_ops_test.py to fused_8bit_rowwise_conversion_ops_test.cpython-36.pyc
#17 241.1 byte-compiling /opt/conda/lib/python3.6/site-packages/caffe2/python/brew_test.py to brew_test.cpython-36.pyc
#17 241.1 byte-compiling /opt/conda/lib/python3.6/site-packages/caffe2/python/filler_test.py to filler_test.cpython-36.pyc
#17 241.1 byte-compiling /opt/conda/lib/python3.6/site-packages/caffe2/python/binarysize.py to binarysize.cpython-36.pyc
#17 241.1 byte-compiling /opt/conda/lib/python3.6/site-packages/caffe2/python/scope.py to scope.cpython-36.pyc
#17 241.1 byte-compiling /opt/conda/lib/python3.6/site-packages/caffe2/python/_import_c_extension.py to _import_c_extension.cpython-36.pyc
#17 241.1 byte-compiling /opt/conda/lib/python3.6/site-packages/caffe2/python/data_parallel_model.py to data_parallel_model.cpython-36.pyc
#17 241.1 byte-compiling /opt/conda/lib/python3.6/site-packages/caffe2/python/normalizer.py to normalizer.cpython-36.pyc
#17 241.1 byte-compiling /opt/conda/lib/python3.6/site-packages/caffe2/python/gradient_check_test.py to gradient_check_test.cpython-36.pyc
#17 241.1 byte-compiling /opt/conda/lib/python3.6/site-packages/caffe2/python/crf_viterbi_test.py to crf_viterbi_test.cpython-36.pyc
#17 241.1 byte-compiling /opt/conda/lib/python3.6/site-packages/caffe2/python/dataset.py to dataset.cpython-36.pyc
#17 241.1 byte-compiling /opt/conda/lib/python3.6/site-packages/caffe2/python/data_workers.py to data_workers.cpython-36.pyc
#17 241.1 byte-compiling /opt/conda/lib/python3.6/site-packages/caffe2/python/net_drawer.py to net_drawer.cpython-36.pyc
#17 241.1 byte-compiling /opt/conda/lib/python3.6/site-packages/caffe2/python/recurrent.py to recurrent.cpython-36.pyc
#17 241.1 byte-compiling /opt/conda/lib/python3.6/site-packages/caffe2/python/convnet_benchmarks_test.py to convnet_benchmarks_test.cpython-36.pyc
#17 241.1 byte-compiling /opt/conda/lib/python3.6/site-packages/caffe2/python/crf.py to crf.cpython-36.pyc
#17 241.1 byte-compiling /opt/conda/lib/python3.6/site-packages/caffe2/python/ideep_test_util.py to ideep_test_util.cpython-36.pyc
#17 241.1 byte-compiling /opt/conda/lib/python3.6/site-packages/caffe2/python/nomnigraph.py to nomnigraph.cpython-36.pyc
#17 241.1 byte-compiling /opt/conda/lib/python3.6/site-packages/caffe2/python/convert.py to convert.cpython-36.pyc
#17 241.1 byte-compiling /opt/conda/lib/python3.6/site-packages/caffe2/python/lengths_reducer_rowwise_8bit_ops_test.py to lengths_reducer_rowwise_8bit_ops_test.cpython-36.pyc
#17 241.1 byte-compiling /opt/conda/lib/python3.6/site-packages/caffe2/python/task.py to task.cpython-36.pyc
#17 241.1 byte-compiling /opt/conda/lib/python3.6/site-packages/caffe2/python/normalizer_context.py to normalizer_context.cpython-36.pyc
#17 241.1 byte-compiling /opt/conda/lib/python3.6/site-packages/caffe2/python/timeout_guard.py to timeout_guard.cpython-36.pyc
#17 241.1 byte-compiling /opt/conda/lib/python3.6/site-packages/caffe2/python/dataio.py to dataio.cpython-36.pyc
#17 241.1 byte-compiling /opt/conda/lib/python3.6/site-packages/caffe2/python/functional_test.py to functional_test.cpython-36.pyc
#17 241.1 byte-compiling /opt/conda/lib/python3.6/site-packages/caffe2/python/mkl/mkl_relu_op_test.py to mkl_relu_op_test.cpython-36.pyc
#17 241.1 byte-compiling /opt/conda/lib/python3.6/site-packages/caffe2/python/mkl/mkl_speed_test.py to mkl_speed_test.cpython-36.pyc
#17 241.1 byte-compiling /opt/conda/lib/python3.6/site-packages/caffe2/python/mkl/mkl_pool_speed_test.py to mkl_pool_speed_test.cpython-36.pyc
#17 241.1 byte-compiling /opt/conda/lib/python3.6/site-packages/caffe2/python/mkl/mkl_fill_op_test.py to mkl_fill_op_test.cpython-36.pyc
#17 241.1 byte-compiling /opt/conda/lib/python3.6/site-packages/caffe2/python/mkl/mkl_sigmoid_op_test.py to mkl_sigmoid_op_test.cpython-36.pyc
#17 241.1 byte-compiling /opt/conda/lib/python3.6/site-packages/caffe2/python/mkl/mkl_conv_op_test.py to mkl_conv_op_test.cpython-36.pyc
#17 241.1 byte-compiling /opt/conda/lib/python3.6/site-packages/caffe2/python/mkl/mkl_squeeze_op_test.py to mkl_squeeze_op_test.cpython-36.pyc
#17 241.1 byte-compiling /opt/conda/lib/python3.6/site-packages/caffe2/python/mkl/mkl_sbn_op_test.py to mkl_sbn_op_test.cpython-36.pyc
#17 241.1 byte-compiling /opt/conda/lib/python3.6/site-packages/caffe2/python/mkl/rewrite_graph.py to rewrite_graph.cpython-36.pyc
#17 241.1 byte-compiling /opt/conda/lib/python3.6/site-packages/caffe2/python/mkl/rewrite_graph_test.py to rewrite_graph_test.cpython-36.pyc
#17 241.1 byte-compiling /opt/conda/lib/python3.6/site-packages/caffe2/python/mkl/__init__.py to __init__.cpython-36.pyc
#17 241.1 byte-compiling /opt/conda/lib/python3.6/site-packages/caffe2/python/mkl/mkl_elementwise_sum_op_test.py to mkl_elementwise_sum_op_test.cpython-36.pyc
#17 241.1 byte-compiling /opt/conda/lib/python3.6/site-packages/caffe2/python/mkl/mkl_copy_op_test.py to mkl_copy_op_test.cpython-36.pyc
#17 241.1 byte-compiling /opt/conda/lib/python3.6/site-packages/caffe2/python/mkl/mkl_pool_op_test.py to mkl_pool_op_test.cpython-36.pyc
#17 241.1 byte-compiling /opt/conda/lib/python3.6/site-packages/caffe2/python/mkl/mkl_elementwise_add_op_test.py to mkl_elementwise_add_op_test.cpython-36.pyc
#17 241.1 byte-compiling /opt/conda/lib/python3.6/site-packages/caffe2/python/mkl/mkl_fc_op_test.py to mkl_fc_op_test.cpython-36.pyc
#17 241.1 byte-compiling /opt/conda/lib/python3.6/site-packages/caffe2/python/mkl/mkl_fc_speed_test.py to mkl_fc_speed_test.cpython-36.pyc
#17 241.1 byte-compiling /opt/conda/lib/python3.6/site-packages/caffe2/python/mkl/mkl_LRN_speed_test.py to mkl_LRN_speed_test.cpython-36.pyc
#17 241.1 byte-compiling /opt/conda/lib/python3.6/site-packages/caffe2/python/mkl/mkl_LRN_op_test.py to mkl_LRN_op_test.cpython-36.pyc
#17 241.1 byte-compiling /opt/conda/lib/python3.6/site-packages/caffe2/python/mkl/mkl_sbn_speed_test.py to mkl_sbn_speed_test.cpython-36.pyc
#17 241.1 byte-compiling /opt/conda/lib/python3.6/site-packages/caffe2/python/mkl/mkl_concat_op_test.py to mkl_concat_op_test.cpython-36.pyc
#17 241.1 byte-compiling /opt/conda/lib/python3.6/site-packages/caffe2/python/hypothesis_test.py to hypothesis_test.cpython-36.pyc
#17 241.1 byte-compiling /opt/conda/lib/python3.6/site-packages/caffe2/python/db_test.py to db_test.cpython-36.pyc
#17 241.1 byte-compiling /opt/conda/lib/python3.6/site-packages/caffe2/python/record_queue.py to record_queue.cpython-36.pyc
#17 241.1 byte-compiling /opt/conda/lib/python3.6/site-packages/caffe2/python/visualize.py to visualize.cpython-36.pyc
#17 241.1 byte-compiling /opt/conda/lib/python3.6/site-packages/caffe2/python/optimizer_context.py to optimizer_context.cpython-36.pyc
#17 241.1 byte-compiling /opt/conda/lib/python3.6/site-packages/caffe2/python/caffe_translator.py to caffe_translator.cpython-36.pyc
#17 241.1 byte-compiling /opt/conda/lib/python3.6/site-packages/caffe2/python/parallel_workers.py to parallel_workers.cpython-36.pyc
#17 241.1 byte-compiling /opt/conda/lib/python3.6/site-packages/caffe2/python/sparse_to_dense_test.py to sparse_to_dense_test.cpython-36.pyc
#17 241.1 byte-compiling /opt/conda/lib/python3.6/site-packages/caffe2/distributed/file_store_handler_op_test.py to file_store_handler_op_test.cpython-36.pyc
#17 241.1 byte-compiling /opt/conda/lib/python3.6/site-packages/caffe2/distributed/redis_store_handler_op_test.py to redis_store_handler_op_test.cpython-36.pyc
#17 241.1 byte-compiling /opt/conda/lib/python3.6/site-packages/caffe2/distributed/store_ops_test_util.py to store_ops_test_util.cpython-36.pyc
#17 241.1 byte-compiling /opt/conda/lib/python3.6/site-packages/caffe2/distributed/__init__.py to __init__.cpython-36.pyc
#17 241.1 byte-compiling /opt/conda/lib/python3.6/site-packages/caffe2/perfkernels/hp_emblookup_codegen.py to hp_emblookup_codegen.cpython-36.pyc
#17 241.1 byte-compiling /opt/conda/lib/python3.6/site-packages/caffe2/perfkernels/__init__.py to __init__.cpython-36.pyc
#17 241.1 byte-compiling /opt/conda/lib/python3.6/site-packages/caffe2/contrib/aten/aten_test.py to aten_test.cpython-36.pyc
#17 241.1 byte-compiling /opt/conda/lib/python3.6/site-packages/caffe2/contrib/aten/docs/__init__.py to __init__.cpython-36.pyc
#17 241.1 byte-compiling /opt/conda/lib/python3.6/site-packages/caffe2/contrib/aten/docs/sample.py to sample.cpython-36.pyc
#17 241.1 byte-compiling /opt/conda/lib/python3.6/site-packages/caffe2/contrib/aten/gen_op.py to gen_op.cpython-36.pyc
#17 241.1 byte-compiling /opt/conda/lib/python3.6/site-packages/caffe2/contrib/aten/__init__.py to __init__.cpython-36.pyc
#17 241.1 byte-compiling /opt/conda/lib/python3.6/site-packages/caffe2/contrib/prof/__init__.py to __init__.cpython-36.pyc
#17 241.1 byte-compiling /opt/conda/lib/python3.6/site-packages/caffe2/contrib/prof/cuda_profile_ops_test.py to cuda_profile_ops_test.cpython-36.pyc
#17 241.1 byte-compiling /opt/conda/lib/python3.6/site-packages/caffe2/contrib/warpctc/__init__.py to __init__.cpython-36.pyc
#17 241.1 byte-compiling /opt/conda/lib/python3.6/site-packages/caffe2/contrib/warpctc/ctc_ops_test.py to ctc_ops_test.cpython-36.pyc
#17 241.1 byte-compiling /opt/conda/lib/python3.6/site-packages/caffe2/contrib/__init__.py to __init__.cpython-36.pyc
#17 241.1 byte-compiling /opt/conda/lib/python3.6/site-packages/caffe2/contrib/script/examples/__init__.py to __init__.cpython-36.pyc
#17 241.1 byte-compiling /opt/conda/lib/python3.6/site-packages/caffe2/contrib/script/__init__.py to __init__.cpython-36.pyc
#17 241.1 byte-compiling /opt/conda/lib/python3.6/site-packages/caffe2/contrib/tensorboard/tensorboard.py to tensorboard.cpython-36.pyc
#17 241.1 byte-compiling /opt/conda/lib/python3.6/site-packages/caffe2/contrib/tensorboard/tensorboard_test.py to tensorboard_test.cpython-36.pyc
#17 241.1 byte-compiling /opt/conda/lib/python3.6/site-packages/caffe2/contrib/tensorboard/tensorboard_exporter_test.py to tensorboard_exporter_test.cpython-36.pyc
#17 241.1 byte-compiling /opt/conda/lib/python3.6/site-packages/caffe2/contrib/tensorboard/__init__.py to __init__.cpython-36.pyc
#17 241.1 byte-compiling /opt/conda/lib/python3.6/site-packages/caffe2/contrib/tensorboard/tensorboard_exporter.py to tensorboard_exporter.cpython-36.pyc
#17 241.1 byte-compiling /opt/conda/lib/python3.6/site-packages/caffe2/contrib/nccl/nccl_ops_test.py to nccl_ops_test.cpython-36.pyc
#17 241.1 byte-compiling /opt/conda/lib/python3.6/site-packages/caffe2/contrib/nccl/__init__.py to __init__.cpython-36.pyc
#17 241.1 byte-compiling /opt/conda/lib/python3.6/site-packages/caffe2/contrib/nnpack/__init__.py to __init__.cpython-36.pyc
#17 241.1 byte-compiling /opt/conda/lib/python3.6/site-packages/caffe2/contrib/nnpack/nnpack_ops_test.py to nnpack_ops_test.cpython-36.pyc
#17 241.1 byte-compiling /opt/conda/lib/python3.6/site-packages/caffe2/contrib/playground/module_map.py to module_map.cpython-36.pyc
#17 241.1 byte-compiling /opt/conda/lib/python3.6/site-packages/caffe2/contrib/playground/compute_topk_accuracy.py to compute_topk_accuracy.cpython-36.pyc
#17 241.1 byte-compiling /opt/conda/lib/python3.6/site-packages/caffe2/contrib/playground/meter.py to meter.cpython-36.pyc
#17 241.1 byte-compiling /opt/conda/lib/python3.6/site-packages/caffe2/contrib/playground/ModuleRegister.py to ModuleRegister.cpython-36.pyc
#17 241.1 byte-compiling /opt/conda/lib/python3.6/site-packages/caffe2/contrib/playground/AnyExp.py to AnyExp.cpython-36.pyc
#17 241.1 byte-compiling /opt/conda/lib/python3.6/site-packages/caffe2/contrib/playground/AnyExpOnTerm.py to AnyExpOnTerm.cpython-36.pyc
#17 241.1 byte-compiling /opt/conda/lib/python3.6/site-packages/caffe2/contrib/playground/compute_loss.py to compute_loss.cpython-36.pyc
#17 241.1 byte-compiling /opt/conda/lib/python3.6/site-packages/caffe2/contrib/playground/output_generator.py to output_generator.cpython-36.pyc
#17 241.1 byte-compiling /opt/conda/lib/python3.6/site-packages/caffe2/contrib/playground/checkpoint.py to checkpoint.cpython-36.pyc
#17 241.1 byte-compiling /opt/conda/lib/python3.6/site-packages/caffe2/contrib/playground/__init__.py to __init__.cpython-36.pyc
#17 241.1 byte-compiling /opt/conda/lib/python3.6/site-packages/caffe2/contrib/playground/resnetdemo/explicit_resnet_forward.py to explicit_resnet_forward.cpython-36.pyc
#17 241.1 byte-compiling /opt/conda/lib/python3.6/site-packages/caffe2/contrib/playground/resnetdemo/IN1k_resnet.py to IN1k_resnet.cpython-36.pyc
#17 241.1 byte-compiling /opt/conda/lib/python3.6/site-packages/caffe2/contrib/playground/resnetdemo/caffe2_resnet50_default_param_update.py to caffe2_resnet50_default_param_update.cpython-36.pyc
#17 241.1 byte-compiling /opt/conda/lib/python3.6/site-packages/caffe2/contrib/playground/resnetdemo/explicit_resnet_param_update.py to explicit_resnet_param_update.cpython-36.pyc
#17 241.1 byte-compiling /opt/conda/lib/python3.6/site-packages/caffe2/contrib/playground/resnetdemo/IN1k_resnet_no_test_model.py to IN1k_resnet_no_test_model.cpython-36.pyc
#17 241.1 byte-compiling /opt/conda/lib/python3.6/site-packages/caffe2/contrib/playground/resnetdemo/__init__.py to __init__.cpython-36.pyc
#17 241.1 byte-compiling /opt/conda/lib/python3.6/site-packages/caffe2/contrib/playground/resnetdemo/caffe2_resnet50_default_forward.py to caffe2_resnet50_default_forward.cpython-36.pyc
#17 241.1 byte-compiling /opt/conda/lib/python3.6/site-packages/caffe2/contrib/playground/resnetdemo/gfs_IN1k.py to gfs_IN1k.cpython-36.pyc
#17 241.1 byte-compiling /opt/conda/lib/python3.6/site-packages/caffe2/contrib/playground/resnetdemo/override_no_test_model_no_checkpoint.py to override_no_test_model_no_checkpoint.cpython-36.pyc
#17 241.1 byte-compiling /opt/conda/lib/python3.6/site-packages/caffe2/contrib/playground/resnetdemo/rendezvous_filestore.py to rendezvous_filestore.cpython-36.pyc
#17 241.1 byte-compiling /opt/conda/lib/python3.6/site-packages/caffe2/contrib/gloo/__init__.py to __init__.cpython-36.pyc
#17 241.1 byte-compiling /opt/conda/lib/python3.6/site-packages/caffe2/contrib/gloo/gloo_test.py to gloo_test.cpython-36.pyc
#17 241.1 byte-compiling /opt/conda/lib/python3.6/site-packages/caffe2/quantization/server/conv_dnnlowp_acc16_op_test.py to conv_dnnlowp_acc16_op_test.cpython-36.pyc
#17 241.1 byte-compiling /opt/conda/lib/python3.6/site-packages/caffe2/quantization/server/fully_connected_dnnlowp_op_test.py to fully_connected_dnnlowp_op_test.cpython-36.pyc
#17 241.1 byte-compiling /opt/conda/lib/python3.6/site-packages/caffe2/quantization/server/tanh_dnnlowp_op_test.py to tanh_dnnlowp_op_test.cpython-36.pyc
#17 241.1 byte-compiling /opt/conda/lib/python3.6/site-packages/caffe2/quantization/server/conv_groupwise_dnnlowp_acc16_op_test.py to conv_groupwise_dnnlowp_acc16_op_test.cpython-36.pyc
#17 241.1 byte-compiling /opt/conda/lib/python3.6/site-packages/caffe2/quantization/server/fully_connected_fp16_test.py to fully_connected_fp16_test.cpython-36.pyc
#17 241.1 byte-compiling /opt/conda/lib/python3.6/site-packages/caffe2/quantization/server/utils.py to utils.cpython-36.pyc
#17 241.2 byte-compiling /opt/conda/lib/python3.6/site-packages/caffe2/quantization/server/lstm_unit_dnnlowp_op_test.py to lstm_unit_dnnlowp_op_test.cpython-36.pyc
#17 241.2 byte-compiling /opt/conda/lib/python3.6/site-packages/caffe2/quantization/server/sigmoid_dnnlowp_op_test.py to sigmoid_dnnlowp_op_test.cpython-36.pyc
#17 241.2 byte-compiling /opt/conda/lib/python3.6/site-packages/caffe2/quantization/server/spatial_batch_norm_dnnlowp_op_test.py to spatial_batch_norm_dnnlowp_op_test.cpython-36.pyc
#17 241.2 byte-compiling /opt/conda/lib/python3.6/site-packages/caffe2/quantization/server/dnnlowp_test_utils.py to dnnlowp_test_utils.cpython-36.pyc
#17 241.2 byte-compiling /opt/conda/lib/python3.6/site-packages/caffe2/quantization/server/fully_connected_dnnlowp_acc16_op_test.py to fully_connected_dnnlowp_acc16_op_test.cpython-36.pyc
#17 241.2 byte-compiling /opt/conda/lib/python3.6/site-packages/caffe2/quantization/server/observer_test.py to observer_test.cpython-36.pyc
#17 241.2 byte-compiling /opt/conda/lib/python3.6/site-packages/caffe2/quantization/server/relu_dnnlowp_op_test.py to relu_dnnlowp_op_test.cpython-36.pyc
#17 241.2 byte-compiling /opt/conda/lib/python3.6/site-packages/caffe2/quantization/server/concat_dnnlowp_op_test.py to concat_dnnlowp_op_test.cpython-36.pyc
#17 241.2 byte-compiling /opt/conda/lib/python3.6/site-packages/caffe2/quantization/server/quantize_dnnlowp_op_test.py to quantize_dnnlowp_op_test.cpython-36.pyc
#17 241.2 byte-compiling /opt/conda/lib/python3.6/site-packages/caffe2/quantization/server/elementwise_add_dnnlowp_op_test.py to elementwise_add_dnnlowp_op_test.cpython-36.pyc
#17 241.2 byte-compiling /opt/conda/lib/python3.6/site-packages/caffe2/quantization/server/pool_dnnlowp_op_test.py to pool_dnnlowp_op_test.cpython-36.pyc
#17 241.2 byte-compiling /opt/conda/lib/python3.6/site-packages/caffe2/quantization/server/dequantize_dnnlowp_op_test.py to dequantize_dnnlowp_op_test.cpython-36.pyc
#17 241.2 byte-compiling /opt/conda/lib/python3.6/site-packages/caffe2/quantization/server/conv_dnnlowp_op_test.py to conv_dnnlowp_op_test.cpython-36.pyc
#17 241.2 byte-compiling /opt/conda/lib/python3.6/site-packages/caffe2/quantization/server/resize_nearest_3d_dnnlowp_op_test.py to resize_nearest_3d_dnnlowp_op_test.cpython-36.pyc
#17 241.2 byte-compiling /opt/conda/lib/python3.6/site-packages/caffe2/quantization/server/conv_depthwise_dnnlowp_op_test.py to conv_depthwise_dnnlowp_op_test.cpython-36.pyc
#17 241.2 byte-compiling /opt/conda/lib/python3.6/site-packages/caffe2/quantization/server/fully_connected_rowwise_dnnlowp_op_test.py to fully_connected_rowwise_dnnlowp_op_test.cpython-36.pyc
#17 241.2 byte-compiling /opt/conda/lib/python3.6/site-packages/caffe2/quantization/server/__init__.py to __init__.cpython-36.pyc
#17 241.2 byte-compiling /opt/conda/lib/python3.6/site-packages/caffe2/quantization/server/batch_permutation_dnnlowp_op_test.py to batch_permutation_dnnlowp_op_test.cpython-36.pyc
#17 241.2 byte-compiling /opt/conda/lib/python3.6/site-packages/caffe2/quantization/server/resize_nearest_dnnlowp_op_test.py to resize_nearest_dnnlowp_op_test.cpython-36.pyc
#17 241.2 byte-compiling /opt/conda/lib/python3.6/site-packages/caffe2/quantization/server/elementwise_mul_dnnlowp_op_test.py to elementwise_mul_dnnlowp_op_test.cpython-36.pyc
#17 241.2 byte-compiling /opt/conda/lib/python3.6/site-packages/caffe2/quantization/server/elementwise_sum_dnnlowp_op_test.py to elementwise_sum_dnnlowp_op_test.cpython-36.pyc
#17 241.2 byte-compiling /opt/conda/lib/python3.6/site-packages/caffe2/quantization/server/channel_shuffle_dnnlowp_op_test.py to channel_shuffle_dnnlowp_op_test.cpython-36.pyc
#17 241.2 byte-compiling /opt/conda/lib/python3.6/site-packages/caffe2/quantization/server/gather_dnnlowp_op_test.py to gather_dnnlowp_op_test.cpython-36.pyc
#17 241.2 byte-compiling /opt/conda/lib/python3.6/site-packages/caffe2/quantization/server/batch_matmul_dnnlowp_op_test.py to batch_matmul_dnnlowp_op_test.cpython-36.pyc
#17 241.2 byte-compiling /opt/conda/lib/python3.6/site-packages/caffe2/quantization/server/conv_groupwise_dnnlowp_op_test.py to conv_groupwise_dnnlowp_op_test.cpython-36.pyc
#17 241.2 byte-compiling /opt/conda/lib/python3.6/site-packages/caffe2/quantization/server/elementwise_linear_dnnlowp_op_test.py to elementwise_linear_dnnlowp_op_test.cpython-36.pyc
#17 241.2 byte-compiling /opt/conda/lib/python3.6/site-packages/caffe2/quantization/server/group_norm_dnnlowp_op_test.py to group_norm_dnnlowp_op_test.cpython-36.pyc
#17 241.2 byte-compiling /opt/conda/lib/python3.6/site-packages/caffe2/quantization/__init__.py to __init__.cpython-36.pyc
#17 241.2 byte-compiling /opt/conda/lib/python3.6/site-packages/caffe2/__init__.py to __init__.cpython-36.pyc
#17 241.2 byte-compiling /opt/conda/lib/python3.6/site-packages/caffe2/proto/caffe2_pb2.py to caffe2_pb2.cpython-36.pyc
#17 241.2 byte-compiling /opt/conda/lib/python3.6/site-packages/caffe2/proto/prof_dag_pb2.py to prof_dag_pb2.cpython-36.pyc
#17 241.2 byte-compiling /opt/conda/lib/python3.6/site-packages/caffe2/proto/predictor_consts_pb2.py to predictor_consts_pb2.cpython-36.pyc
#17 241.2 byte-compiling /opt/conda/lib/python3.6/site-packages/caffe2/proto/hsm_pb2.py to hsm_pb2.cpython-36.pyc
#17 241.2 byte-compiling /opt/conda/lib/python3.6/site-packages/caffe2/proto/metanet_pb2.py to metanet_pb2.cpython-36.pyc
#17 241.2 byte-compiling /opt/conda/lib/python3.6/site-packages/caffe2/proto/caffe2_legacy_pb2.py to caffe2_legacy_pb2.cpython-36.pyc
#17 241.2 byte-compiling /opt/conda/lib/python3.6/site-packages/caffe2/proto/__init__.py to __init__.cpython-36.pyc
#17 241.2 byte-compiling /opt/conda/lib/python3.6/site-packages/caffe2/proto/torch_pb2.py to torch_pb2.cpython-36.pyc
#17 241.2 byte-compiling /opt/conda/lib/python3.6/site-packages/caffe2/core/nomnigraph/op_gen.py to op_gen.cpython-36.pyc
#17 241.2 byte-compiling /opt/conda/lib/python3.6/site-packages/caffe2/core/nomnigraph/__init__.py to __init__.cpython-36.pyc
#17 241.2 byte-compiling /opt/conda/lib/python3.6/site-packages/caffe2/core/__init__.py to __init__.cpython-36.pyc
#17 241.2 byte-compiling /opt/conda/lib/python3.6/site-packages/caffe2/experiments/__init__.py to __init__.cpython-36.pyc
#17 241.2 byte-compiling /opt/conda/lib/python3.6/site-packages/caffe2/experiments/python/convnet_benchmarks.py to convnet_benchmarks.cpython-36.pyc
#17 241.2 byte-compiling /opt/conda/lib/python3.6/site-packages/caffe2/experiments/python/funhash_op_test.py to funhash_op_test.cpython-36.pyc
#17 241.2 byte-compiling /opt/conda/lib/python3.6/site-packages/caffe2/experiments/python/tt_contraction_op_test.py to tt_contraction_op_test.cpython-36.pyc
#17 241.2 byte-compiling /opt/conda/lib/python3.6/site-packages/caffe2/experiments/python/tt_pad_op_test.py to tt_pad_op_test.cpython-36.pyc
#17 241.2 byte-compiling /opt/conda/lib/python3.6/site-packages/caffe2/experiments/python/device_reduce_sum_bench.py to device_reduce_sum_bench.cpython-36.pyc
#17 241.2 byte-compiling /opt/conda/lib/python3.6/site-packages/caffe2/experiments/python/__init__.py to __init__.cpython-36.pyc
#17 241.2 byte-compiling /opt/conda/lib/python3.6/site-packages/caffe2/experiments/python/sparse_funhash_op_test.py to sparse_funhash_op_test.cpython-36.pyc
#17 241.2 byte-compiling /opt/conda/lib/python3.6/site-packages/caffe2/experiments/python/net_construct_bench.py to net_construct_bench.cpython-36.pyc
#17 241.2 byte-compiling /opt/conda/lib/python3.6/site-packages/caffe2/experiments/python/SparseTransformer.py to SparseTransformer.cpython-36.pyc
#17 241.2 byte-compiling /opt/conda/lib/python3.6/site-packages/caffe2/experiments/python/sparse_reshape_op_test.py to sparse_reshape_op_test.cpython-36.pyc
#17 241.2 running install_egg_info
#17 241.2 running egg_info
#17 241.2 writing torch.egg-info/PKG-INFO
#17 241.2 writing dependency_links to torch.egg-info/dependency_links.txt
#17 241.2 writing entry points to torch.egg-info/entry_points.txt
#17 241.2 writing top-level names to torch.egg-info/top_level.txt
#17 241.2 reading manifest file 'torch.egg-info/SOURCES.txt'
#17 241.2 adding license file 'LICENSE'
#17 241.2 adding license file 'NOTICE'
#17 241.3 writing manifest file 'torch.egg-info/SOURCES.txt'
#17 241.3 Copying torch.egg-info to /opt/conda/lib/python3.6/site-packages/torch-1.3.0a0+50c90a2-py3.6.egg-info
#17 241.3 running install_scripts
#17 241.3 Installing convert-caffe2-to-onnx script to /opt/conda/bin
#17 241.4 Installing convert-onnx-to-caffe2 script to /opt/conda/bin
#17 DONE 265.6s

#18 [15/17] WORKDIR /workspace
#18 DONE 0.8s

#19 [16/17] RUN rm -rf PipeSwitch
#19 DONE 2.7s

#20 [17/17] WORKDIR /workspace
#20 DONE 1.4s

#21 exporting to image
#21 exporting layers
#21 exporting layers 35.3s done
#21 writing image sha256:7fc0c899c19daca2b7caa2b074a9996ddbc80fea599a5ff8b0dc41e8f0169e21 0.0s done
#21 naming to docker.io/library/pipeswitch:mps 0.1s done
#21 DONE 35.7s
Complete creating docker image: pipeswitch:mps

whitebox> Complete building docker image for MPS
Complete building docker image for MPS to servers

host_build_docker_image_mps.sh done
mkdir: cannot create directory output: File exists
Warm up servers
Warm up servers
/home/eamon/eamons-PS/scripts/config/servers.txt
whitebox> Warm up the server
d86d8c95575784e77c2313b06a52e8689017bb0536922df32634dff95e5356b3
Downloading image from https://github.com/pytorch/hub/raw/master/images/dog.jpg to dog.jpg
Downloading: "https://github.com/pytorch/vision/archive/refs/tags/v0.4.2.zip" to /root/.cache/torch/hub/refs/tags/v0.4.2.zip
Traceback (most recent call last):
  File "PipeSwitch/scripts/environment/container_run_warmup.py", line 31, in <module>
    main()
  File "PipeSwitch/scripts/environment/container_run_warmup.py", line 22, in main
    warm_up_training()
  File "PipeSwitch/scripts/environment/container_run_warmup.py", line 10, in warm_up_training
    func(model, data_loader)
  File "/workspace/PipeSwitch/task/resnet152_training.py", line 40, in train
    output = model(images_cuda)
  File "/opt/conda/lib/python3.6/site-packages/torch/nn/modules/module.py", line 541, in __call__
    result = self.forward(*input, **kwargs)
  File "/root/.cache/torch/hub/pytorch_vision_refs/tags/v0.4.2/torchvision/models/resnet.py", line 197, in forward
    x = self.bn1(x)
  File "/opt/conda/lib/python3.6/site-packages/torch/nn/modules/module.py", line 541, in __call__
    result = self.forward(*input, **kwargs)
  File "/opt/conda/lib/python3.6/site-packages/torch/nn/modules/batchnorm.py", line 81, in forward
    exponential_average_factor, self.eps)
  File "/opt/conda/lib/python3.6/site-packages/torch/nn/functional.py", line 1670, in batch_norm
    training, momentum, eps, torch.backends.cudnn.enabled
RuntimeError: cuDNN error: CUDNN_STATUS_EXECUTION_FAILED
pipeswitch-main
whitebox> Complete warming up the server
Complete warming up servers

Plot figure 5
Plot 
Current working directory: /home/eamon/eamons-PS
findfont: Font family 'Arial' not found.
findfont: Font family 'Arial' not found.
findfont: Font family 'Arial' not found.
findfont: Font family 'Arial' not found.
findfont: Font family 'Arial' not found.
findfont: Font family 'Arial' not found.
findfont: Font family 'Arial' not found.
findfont: Font family 'Arial' not found.
findfont: Font family 'Arial' not found.
findfont: Font family 'Arial' not found.
findfont: Font family 'Arial' not found.
findfont: Font family 'Arial' not found.
findfont: Font family 'Arial' not found.
findfont: Font family 'Arial' not found.
findfont: Font family 'Arial' not found.
findfont: Font family 'Arial' not found.
findfont: Font family 'Arial' not found.
findfont: Font family 'Arial' not found.
findfont: Font family 'Arial' not found.
findfont: Font family 'Arial' not found.
findfont: Font family 'Arial' not found.
findfont: Font family 'Arial' not found.
findfont: Font family 'Arial' not found.
findfont: Font family 'Arial' not found.
findfont: Font family 'Arial' not found.
findfont: Font family 'Arial' not found.
findfont: Font family 'Arial' not found.
findfont: Font family 'Arial' not found.
findfont: Font family 'Arial' not found.
findfont: Font family 'Arial' not found.
findfont: Font family 'Arial' not found.
findfont: Font family 'Arial' not found.
findfont: Font family 'Arial' not found.
findfont: Font family 'Arial' not found.
findfont: Font family 'Arial' not found.
findfont: Font family 'Arial' not found.
findfont: Font family 'Arial' not found.
findfont: Font family 'Arial' not found.
findfont: Font family 'Arial' not found.
findfont: Font family 'Arial' not found.
findfont: Font family 'Arial' not found.
findfont: Font family 'Arial' not found.
findfont: Font family 'Arial' not found.
findfont: Font family 'Arial' not found.
findfont: Font family 'Arial' not found.
findfont: Font family 'Arial' not found.
findfont: Font family 'Arial' not found.
findfont: Font family 'Arial' not found.
findfont: Font family 'Arial' not found.
findfont: Font family 'Arial' not found.
findfont: Font family 'Arial' not found.
findfont: Font family 'Arial' not found.
findfont: Font family 'Arial' not found.
findfont: Font family 'Arial' not found.
findfont: Font family 'Arial' not found.
findfont: Font family 'Arial' not found.
findfont: Font family 'Arial' not found.
findfont: Font family 'Arial' not found.
findfont: Font family 'Arial' not found.
findfont: Font family 'Arial' not found.
findfont: Font family 'Arial' not found.
findfont: Font family 'Arial' not found.
findfont: Font family 'Arial' not found.
findfont: Font family 'Arial' not found.
findfont: Font family 'Arial' not found.
findfont: Font family 'Arial' not found.
findfont: Font family 'Arial' not found.
findfont: Font family 'Arial' not found.
findfont: Font family 'Arial' not found.
findfont: Font family 'Arial' not found.
findfont: Font family 'Arial' not found.
findfont: Font family 'Arial' not found.
findfont: Font family 'Arial' not found.
findfont: Font family 'Arial' not found.
findfont: Font family 'Arial' not found.
findfont: Font family 'Arial' not found.
findfont: Font family 'Arial' not found.
findfont: Font family 'Arial' not found.
findfont: Font family 'Arial' not found.
findfont: Font family 'Arial' not found.
findfont: Font family 'Arial' not found.
findfont: Font family 'Arial' not found.
findfont: Font family 'Arial' not found.
findfont: Font family 'Arial' not found.
findfont: Font family 'Arial' not found.
findfont: Font family 'Arial' not found.
findfont: Font family 'Arial' not found.
findfont: Font family 'Arial' not found.
findfont: Font family 'Arial' not found.
findfont: Font family 'Arial' not found.
findfont: Font family 'Arial' not found.
findfont: Font family 'Arial' not found.
findfont: Font family 'Arial' not found.
findfont: Font family 'Arial' not found.
findfont: Font family 'Arial' not found.
findfont: Font family 'Arial' not found.
Complete ploting 

Plot figure 6
Plot 
Plot figure 6: ready_model, 1s
fatal: Remote branch figure6_ready_model_1s not found in upstream origin
python: can't open file 'PipeSwitch/scripts/run_data.py': [Errno 2] No such file or directory
08a53717c1b02038436993847148dc18200115ff1001240a065b3735031b90d2
pipeswitch-figure6_ready_model_1s

Plot figure 6: ready_model, 2s
fatal: Remote branch figure6_ready_model_2s not found in upstream origin
python: can't open file 'PipeSwitch/scripts/run_data.py': [Errno 2] No such file or directory
25d21b5c180d5b0bd2f47331b0ef696f8b77af681c764638ef18955b51f77b3d
pipeswitch-figure6_ready_model_2s

Plot figure 6: ready_model, 5s
fatal: Remote branch figure6_ready_model_5s not found in upstream origin
python: can't open file 'PipeSwitch/scripts/run_data.py': [Errno 2] No such file or directory
febc02c0869f152b7152f32105146c742cdab7006b8f6f08fde1ea303b097220
pipeswitch-figure6_ready_model_5s

Plot figure 6: ready_model, 10s
fatal: Remote branch figure6_ready_model_10s not found in upstream origin
python: can't open file 'PipeSwitch/scripts/run_data.py': [Errno 2] No such file or directory
2eaa508c17365e9e61f4b547c291ff4e2cb0939f8356fe04c4c5b2870756e266
pipeswitch-figure6_ready_model_10s

Plot figure 6: ready_model, 30s
fatal: Remote branch figure6_ready_model_30s not found in upstream origin
python: can't open file 'PipeSwitch/scripts/run_data.py': [Errno 2] No such file or directory
b42fe23f83d70d451d4ca6ff476d6ad164f88b3c07739ffb318bbdb395a548ec
pipeswitch-figure6_ready_model_30s

Plot figure 6: pipeswitch, 1s
fatal: Remote branch figure6_pipeswitch_1s not found in upstream origin
python: can't open file 'PipeSwitch/scripts/run_data.py': [Errno 2] No such file or directory
efd7b912eab9cf14396043e23c87b9090e3c3a144bb5c5137efccd15730c0ea5
pipeswitch-figure6_pipeswitch_1s

Plot figure 6: pipeswitch, 2s
fatal: Remote branch figure6_pipeswitch_2s not found in upstream origin
python: can't open file 'PipeSwitch/scripts/run_data.py': [Errno 2] No such file or directory
052bf161c3a75fa652a13fd1df927380961b1b54c8f8704580c4ba56861e29e1
pipeswitch-figure6_pipeswitch_2s

Plot figure 6: pipeswitch, 5s
fatal: Remote branch figure6_pipeswitch_5s not found in upstream origin
python: can't open file 'PipeSwitch/scripts/run_data.py': [Errno 2] No such file or directory
beda6b6ec773f42fc869656102c4f745cdb5e41ac31957bd07467372d3b06695
pipeswitch-figure6_pipeswitch_5s

Plot figure 6: pipeswitch, 10s
fatal: Remote branch figure6_pipeswitch_10s not found in upstream origin
python: can't open file 'PipeSwitch/scripts/run_data.py': [Errno 2] No such file or directory
a651a4c810365fd2c1b8c4187a0fdeebe487be472cdf12671ceab487913bc117
pipeswitch-figure6_pipeswitch_10s

Plot figure 6: pipeswitch, 30s
fatal: Remote branch figure6_pipeswitch_30s not found in upstream origin
python: can't open file 'PipeSwitch/scripts/run_data.py': [Errno 2] No such file or directory
170598fa0a269ad02d3cb962749e1cfb47057b841d0dbbdd43e0507acf0da833
pipeswitch-figure6_pipeswitch_30s

Plot figure 6: mps, 1s
fatal: Remote branch figure6_mps_1s not found in upstream origin
python: can't open file 'PipeSwitch/scripts/run_data.py': [Errno 2] No such file or directory
8470be6b03bfda269083908b44547c84e3aca3adb4a7a89a7398d6c39654e212
pipeswitch-figure6_mps_1s

Plot figure 6: mps, 2s
fatal: Remote branch figure6_mps_2s not found in upstream origin
python: can't open file 'PipeSwitch/scripts/run_data.py': [Errno 2] No such file or directory
c2bd00002e59c4df6aa9e527c8730fa42f481be99540e4d2507495848f341115
pipeswitch-figure6_mps_2s

Plot figure 6: mps, 5s
fatal: Remote branch figure6_mps_5s not found in upstream origin
python: can't open file 'PipeSwitch/scripts/run_data.py': [Errno 2] No such file or directory
8b7a2225046d6e5aa026c10f9c7f2950df956c7832a6e685eb7080e6aa140618
pipeswitch-figure6_mps_5s

Plot figure 6: mps, 10s
fatal: Remote branch figure6_mps_10s not found in upstream origin
python: can't open file 'PipeSwitch/scripts/run_data.py': [Errno 2] No such file or directory
e6e3025321bd0b7e53c262c3cf19dd407f509afac39711cd88397f8250478878
pipeswitch-figure6_mps_10s

Plot figure 6: mps, 30s
fatal: Remote branch figure6_mps_30s not found in upstream origin
python: can't open file 'PipeSwitch/scripts/run_data.py': [Errno 2] No such file or directory
4a458ae204577f00342103643083e88cefae10c9af3ec67cfefd0104d7ab4a75
pipeswitch-figure6_mps_30s

Plot figure 6: kill_restart, 1s
fatal: Remote branch figure6_kill_restart_1s not found in upstream origin
python: can't open file 'PipeSwitch/scripts/run_data.py': [Errno 2] No such file or directory
d2840c8647b00dcaf17b729d558499372bf19ded60ada01785a5f4deab2b4a91
pipeswitch-figure6_kill_restart_1s

Plot figure 6: kill_restart, 2s
fatal: Remote branch figure6_kill_restart_2s not found in upstream origin
python: can't open file 'PipeSwitch/scripts/run_data.py': [Errno 2] No such file or directory
6257f9ceae24a8c12f9a3816915a075fcfeded57b9c2edf8e786a042ac475ddb
pipeswitch-figure6_kill_restart_2s

Plot figure 6: kill_restart, 5s
fatal: Remote branch figure6_kill_restart_5s not found in upstream origin
python: can't open file 'PipeSwitch/scripts/run_data.py': [Errno 2] No such file or directory
5c2e89f52e0928ab6cf38d15c204dcdd465a947fbede1f3519af6c74d2ce13f5
pipeswitch-figure6_kill_restart_5s

Plot figure 6: kill_restart, 10s
fatal: Remote branch figure6_kill_restart_10s not found in upstream origin
python: can't open file 'PipeSwitch/scripts/run_data.py': [Errno 2] No such file or directory
86b0f29bebb3545bf646a290f0c8ece956f6241aa67aaab5df9cd7b9bcdc2a0e
pipeswitch-figure6_kill_restart_10s

Plot figure 6: kill_restart, 30s
fatal: Remote branch figure6_kill_restart_30s not found in upstream origin
python: can't open file 'PipeSwitch/scripts/run_data.py': [Errno 2] No such file or directory
8a1711accd8f402c2176e5065772cd3d14e483c43b9b7e70be8b65a54a90dbc3
pipeswitch-figure6_kill_restart_30s

{'ready_model': {}, 'pipeswitch': {}, 'mps': {}, 'kill_restart': {}}
Traceback (most recent call last):
  File "/home/eamon/eamons-PS/scripts/figures/figure6/host_run_figure.py", line 253, in <module>
    main()
  File "/home/eamon/eamons-PS/scripts/figures/figure6/host_run_figure.py", line 239, in main
    data_throughput = process_data_throughput(data)
                      ^^^^^^^^^^^^^^^^^^^^^^^^^^^^^
  File "/home/eamon/eamons-PS/scripts/figures/figure6/host_run_figure.py", line 60, in process_data_throughput
    ret[-1].append(data[system][interval][0])
                   ~~~~~~~~~~~~^^^^^^^^^^
KeyError: '1s'
Complete ploting 

Plot figure 7
Plot 
Plot figure 7: pipeswitch, resnet152
fatal: Remote branch figure7_pipeswitch_resnet152 not found in upstream origin
python: can't open file 'PipeSwitch/scripts/run_data.py': [Errno 2] No such file or directory
5e19eafbb1b2169ea684f0a20a1fd8ffbb1e023fc9432f80cb54522ddda40f31
pipeswitch-figure7_pipeswitch_resnet152

Plot figure 7: pipeswitch, inception_v3
fatal: Remote branch figure7_pipeswitch_inception_v3 not found in upstream origin
python: can't open file 'PipeSwitch/scripts/run_data.py': [Errno 2] No such file or directory
afe51e7d5ac7f4bab9803c6e19dbd8fe31a7875e82bfaa0535a1fb5b9f11ef3e
pipeswitch-figure7_pipeswitch_inception_v3

Plot figure 7: pipeswitch, bert_base
fatal: Remote branch figure7_pipeswitch_bert_base not found in upstream origin
python: can't open file 'PipeSwitch/scripts/run_data.py': [Errno 2] No such file or directory
f5e891852c178ddafb0eb0a1a6822aeaa4c6b5fc9c7b82f25b6b984e8442761e
pipeswitch-figure7_pipeswitch_bert_base

Plot figure 7: per_layer, resnet152
fatal: Remote branch figure7_per_layer_resnet152 not found in upstream origin
python: can't open file 'PipeSwitch/scripts/run_data.py': [Errno 2] No such file or directory
8c25d4430d0059050456c2bc86cb27d95358162bde543e20a61adcf772a2cfe9
pipeswitch-figure7_per_layer_resnet152

Plot figure 7: per_layer, inception_v3
fatal: Remote branch figure7_per_layer_inception_v3 not found in upstream origin
python: can't open file 'PipeSwitch/scripts/run_data.py': [Errno 2] No such file or directory
67fc1b7480b13d652f290990fe8c5da6388b8b296598edeb5e49467fa3121dd9
pipeswitch-figure7_per_layer_inception_v3

Plot figure 7: per_layer, bert_base
fatal: Remote branch figure7_per_layer_bert_base not found in upstream origin
python: can't open file 'PipeSwitch/scripts/run_data.py': [Errno 2] No such file or directory
231d9508c6c540f87856d11227196745b4f3f6b1a257b6970df5f5c9025ed7bf
pipeswitch-figure7_per_layer_bert_base

Plot figure 7: grouped, resnet152
fatal: Remote branch figure7_grouped_resnet152 not found in upstream origin
python: can't open file 'PipeSwitch/scripts/run_data.py': [Errno 2] No such file or directory
ee9067b2690294a7654246be7256ca76b98e552fc99062bfe14a74e9ed73ba6a
pipeswitch-figure7_grouped_resnet152

Plot figure 7: grouped, inception_v3
fatal: Remote branch figure7_grouped_inception_v3 not found in upstream origin
python: can't open file 'PipeSwitch/scripts/run_data.py': [Errno 2] No such file or directory
ce31b95cc93a1515c254737275861856ea98ad3f0a2d7d99c591b2c183b46596
pipeswitch-figure7_grouped_inception_v3

Plot figure 7: grouped, bert_base
fatal: Remote branch figure7_grouped_bert_base not found in upstream origin
python: can't open file 'PipeSwitch/scripts/run_data.py': [Errno 2] No such file or directory
b2b78b296e24938180db645b15de1edc5014856c0ae117b61976b12bc2343a2d
pipeswitch-figure7_grouped_bert_base

Plot figure 7: per_layer_no_pipeline, resnet152
fatal: Remote branch figure7_per_layer_no_pipeline_resnet152 not found in upstream origin
python: can't open file 'PipeSwitch/scripts/run_data.py': [Errno 2] No such file or directory
66d8a1d2dc8fee980d7e37fc3a90164ea1154cb60da9bbf1cf8de11064116f10
pipeswitch-figure7_per_layer_no_pipeline_resnet152

Plot figure 7: per_layer_no_pipeline, inception_v3
fatal: Remote branch figure7_per_layer_no_pipeline_inception_v3 not found in upstream origin
python: can't open file 'PipeSwitch/scripts/run_data.py': [Errno 2] No such file or directory
7ec3d4d202520c23005c0e1ebab4a8ef08adee8f3da980d38e5f0f12299e7ef3
pipeswitch-figure7_per_layer_no_pipeline_inception_v3

Plot figure 7: per_layer_no_pipeline, bert_base
fatal: Remote branch figure7_per_layer_no_pipeline_bert_base not found in upstream origin
python: can't open file 'PipeSwitch/scripts/run_data.py': [Errno 2] No such file or directory
e9f2f1182f4a4ce680d3c4aa215157b86f14ce7f5d5ff2845278a3109f9805a6
pipeswitch-figure7_per_layer_no_pipeline_bert_base

{'pipeswitch': {}, 'per_layer': {}, 'grouped': {}, 'per_layer_no_pipeline': {}}
Traceback (most recent call last):
  File "/home/eamon/eamons-PS/scripts/figures/figure7/host_run_figure.py", line 134, in <module>
    main()
  File "/home/eamon/eamons-PS/scripts/figures/figure7/host_run_figure.py", line 127, in main
    data = process_data(data)
           ^^^^^^^^^^^^^^^^^^
  File "/home/eamon/eamons-PS/scripts/figures/figure7/host_run_figure.py", line 55, in process_data
    data['pipeswitch']['resnet152'], 
    ~~~~~~~~~~~~~~~~~~^^^^^^^^^^^^^
KeyError: 'resnet152'
Complete ploting 

Plot figure 8
Plot 
Plot figure 8: pipeswitch, resnet152
fatal: Remote branch figure8_pipeswitch_resnet152 not found in upstream origin
python: can't open file 'PipeSwitch/scripts/run_data.py': [Errno 2] No such file or directory
Plot figure 8: pipeswitch, inception_v3
fatal: Remote branch figure8_pipeswitch_inception_v3 not found in upstream origin
python: can't open file 'PipeSwitch/scripts/run_data.py': [Errno 2] No such file or directory
Plot figure 8: pipeswitch, bert_base
fatal: Remote branch figure8_pipeswitch_bert_base not found in upstream origin
python: can't open file 'PipeSwitch/scripts/run_data.py': [Errno 2] No such file or directory
Plot figure 8: no_memory_management, resnet152
fatal: Remote branch figure8_no_memory_management_resnet152 not found in upstream origin
python: can't open file 'PipeSwitch/scripts/run_data.py': [Errno 2] No such file or directory
Plot figure 8: no_memory_management, inception_v3
fatal: Remote branch figure8_no_memory_management_inception_v3 not found in upstream origin
python: can't open file 'PipeSwitch/scripts/run_data.py': [Errno 2] No such file or directory
Plot figure 8: no_memory_management, bert_base
fatal: Remote branch figure8_no_memory_management_bert_base not found in upstream origin
python: can't open file 'PipeSwitch/scripts/run_data.py': [Errno 2] No such file or directory
Plot figure 8: no_ipc_optimization, resnet152
fatal: Remote branch figure8_no_ipc_optimization_resnet152 not found in upstream origin
python: can't open file 'PipeSwitch/scripts/run_data.py': [Errno 2] No such file or directory
Plot figure 8: no_ipc_optimization, inception_v3
fatal: Remote branch figure8_no_ipc_optimization_inception_v3 not found in upstream origin
python: can't open file 'PipeSwitch/scripts/run_data.py': [Errno 2] No such file or directory
Plot figure 8: no_ipc_optimization, bert_base
fatal: Remote branch figure8_no_ipc_optimization_bert_base not found in upstream origin
python: can't open file 'PipeSwitch/scripts/run_data.py': [Errno 2] No such file or directory
Plot figure 8: no_pin, resnet152
fatal: Remote branch figure8_no_pin_resnet152 not found in upstream origin
python: can't open file 'PipeSwitch/scripts/run_data.py': [Errno 2] No such file or directory
Plot figure 8: no_pin, inception_v3
fatal: Remote branch figure8_no_pin_inception_v3 not found in upstream origin
python: can't open file 'PipeSwitch/scripts/run_data.py': [Errno 2] No such file or directory
Plot figure 8: no_pin, bert_base
fatal: Remote branch figure8_no_pin_bert_base not found in upstream origin
python: can't open file 'PipeSwitch/scripts/run_data.py': [Errno 2] No such file or directory
Plot figure 8: unified_memory, resnet152
fatal: Remote branch figure8_unified_memory_resnet152 not found in upstream origin
python: can't open file 'PipeSwitch/scripts/run_data.py': [Errno 2] No such file or directory
Plot figure 8: unified_memory, inception_v3
fatal: Remote branch figure8_unified_memory_inception_v3 not found in upstream origin
python: can't open file 'PipeSwitch/scripts/run_data.py': [Errno 2] No such file or directory
Plot figure 8: unified_memory, bert_base
fatal: Remote branch figure8_unified_memory_bert_base not found in upstream origin
python: can't open file 'PipeSwitch/scripts/run_data.py': [Errno 2] No such file or directory
{'pipeswitch': {}, 'no_memory_management': {}, 'no_ipc_optimization': {}, 'no_pin': {}, 'unified_memory': {}}
Traceback (most recent call last):
  File "/home/eamon/eamons-PS/scripts/figures/figure8/host_run_figure.py", line 159, in <module>
    main()
  File "/home/eamon/eamons-PS/scripts/figures/figure8/host_run_figure.py", line 153, in main
    data = process_data(data)
           ^^^^^^^^^^^^^^^^^^
  File "/home/eamon/eamons-PS/scripts/figures/figure8/host_run_figure.py", line 56, in process_data
    data['pipeswitch']['resnet152'], 
    ~~~~~~~~~~~~~~~~~~^^^^^^^^^^^^^
KeyError: 'resnet152'
Complete ploting 

Plot figure 9
Plot 
Plot figure 9: pipeswitch, resnet152
fatal: Remote branch figure9_pipeswitch_resnet152 not found in upstream origin
python: can't open file 'PipeSwitch/scripts/run_data.py': [Errno 2] No such file or directory
Plot figure 9: pipeswitch, inception_v3
fatal: Remote branch figure9_pipeswitch_inception_v3 not found in upstream origin
python: can't open file 'PipeSwitch/scripts/run_data.py': [Errno 2] No such file or directory
Plot figure 9: pipeswitch, bert_base
fatal: Remote branch figure9_pipeswitch_bert_base not found in upstream origin
python: can't open file 'PipeSwitch/scripts/run_data.py': [Errno 2] No such file or directory
Plot figure 9: stop_next, resnet152
fatal: Remote branch figure9_stop_next_resnet152 not found in upstream origin
python: can't open file 'PipeSwitch/scripts/run_data.py': [Errno 2] No such file or directory
Plot figure 9: stop_next, inception_v3
fatal: Remote branch figure9_stop_next_inception_v3 not found in upstream origin
python: can't open file 'PipeSwitch/scripts/run_data.py': [Errno 2] No such file or directory
Plot figure 9: stop_next, bert_base
fatal: Remote branch figure9_stop_next_bert_base not found in upstream origin
python: can't open file 'PipeSwitch/scripts/run_data.py': [Errno 2] No such file or directory
Plot figure 9: kill_restart, resnet152
fatal: Remote branch figure9_kill_restart_resnet152 not found in upstream origin
python: can't open file 'PipeSwitch/scripts/run_data.py': [Errno 2] No such file or directory
Plot figure 9: kill_restart, inception_v3
fatal: Remote branch figure9_kill_restart_inception_v3 not found in upstream origin
python: can't open file 'PipeSwitch/scripts/run_data.py': [Errno 2] No such file or directory
Plot figure 9: kill_restart, bert_base
fatal: Remote branch figure9_kill_restart_bert_base not found in upstream origin
python: can't open file 'PipeSwitch/scripts/run_data.py': [Errno 2] No such file or directory
{'pipeswitch': {}, 'stop_next': {}, 'kill_restart': {}}
Traceback (most recent call last):
  File "/home/eamon/eamons-PS/scripts/figures/figure9/host_run_figure.py", line 161, in <module>
    main()
  File "/home/eamon/eamons-PS/scripts/figures/figure9/host_run_figure.py", line 153, in main
    data = process_data(data)
           ^^^^^^^^^^^^^^^^^^
  File "/home/eamon/eamons-PS/scripts/figures/figure9/host_run_figure.py", line 52, in process_data
    data['pipeswitch']['resnet152'], 
    ~~~~~~~~~~~~~~~~~~^^^^^^^^^^^^^
KeyError: 'resnet152'
Complete ploting 